Error: listen EACCES: permission denied 0.0.0.0:80
    at Server.setupListenHandle [as _listen2] (node:net:1800:21)
    at listenInCluster (node:net:1865:12)
    at Server.listen (node:net:1953:7)
    at Function.listen (/home/ubuntu/2nd10WeeksofCloudOps-main/backend/node_modules/express/lib/application.js:635:24)
    at file:///home/ubuntu/2nd10WeeksofCloudOps-main/backend/index.js:80:5
    at ModuleJob.run (node:internal/modules/esm/module_job:195:25)
    at async ModuleLoader.import (node:internal/modules/esm/loader:337:24)
    at async importModuleDynamicallyWrapper (node:internal/vm/module:432:15) {
  code: 'EACCES',
  errno: -13,
  syscall: 'listen',
  address: '0.0.0.0',
  port: 80
}
Error: listen EACCES: permission denied 0.0.0.0:80
    at Server.setupListenHandle [as _listen2] (node:net:1800:21)
    at listenInCluster (node:net:1865:12)
    at Server.listen (node:net:1953:7)
    at Function.listen (/home/ubuntu/2nd10WeeksofCloudOps-main/backend/node_modules/express/lib/application.js:635:24)
    at file:///home/ubuntu/2nd10WeeksofCloudOps-main/backend/index.js:80:5
    at ModuleJob.run (node:internal/modules/esm/module_job:195:25)
    at async ModuleLoader.import (node:internal/modules/esm/loader:337:24)
    at async importModuleDynamicallyWrapper (node:internal/vm/module:432:15) {
  code: 'EACCES',
  errno: -13,
  syscall: 'listen',
  address: '0.0.0.0',
  port: 80
}
Error: listen EACCES: permission denied 0.0.0.0:80
    at Server.setupListenHandle [as _listen2] (node:net:1800:21)
    at listenInCluster (node:net:1865:12)
    at Server.listen (node:net:1953:7)
    at Function.listen (/home/ubuntu/2nd10WeeksofCloudOps-main/backend/node_modules/express/lib/application.js:635:24)
    at file:///home/ubuntu/2nd10WeeksofCloudOps-main/backend/index.js:80:5
    at ModuleJob.run (node:internal/modules/esm/module_job:195:25)
    at async ModuleLoader.import (node:internal/modules/esm/loader:337:24)
    at async importModuleDynamicallyWrapper (node:internal/vm/module:432:15) {
  code: 'EACCES',
  errno: -13,
  syscall: 'listen',
  address: '0.0.0.0',
  port: 80
}
Error: listen EACCES: permission denied 0.0.0.0:80
    at Server.setupListenHandle [as _listen2] (node:net:1800:21)
    at listenInCluster (node:net:1865:12)
    at Server.listen (node:net:1953:7)
    at Function.listen (/home/ubuntu/2nd10WeeksofCloudOps-main/backend/node_modules/express/lib/application.js:635:24)
    at file:///home/ubuntu/2nd10WeeksofCloudOps-main/backend/index.js:80:5
    at ModuleJob.run (node:internal/modules/esm/module_job:195:25)
    at async ModuleLoader.import (node:internal/modules/esm/loader:337:24)
    at async importModuleDynamicallyWrapper (node:internal/vm/module:432:15) {
  code: 'EACCES',
  errno: -13,
  syscall: 'listen',
  address: '0.0.0.0',
  port: 80
}
Error: listen EACCES: permission denied 0.0.0.0:80
    at Server.setupListenHandle [as _listen2] (node:net:1800:21)
    at listenInCluster (node:net:1865:12)
    at Server.listen (node:net:1953:7)
    at Function.listen (/home/ubuntu/2nd10WeeksofCloudOps-main/backend/node_modules/express/lib/application.js:635:24)
    at file:///home/ubuntu/2nd10WeeksofCloudOps-main/backend/index.js:80:5
    at ModuleJob.run (node:internal/modules/esm/module_job:195:25)
    at async ModuleLoader.import (node:internal/modules/esm/loader:337:24)
    at async importModuleDynamicallyWrapper (node:internal/vm/module:432:15) {
  code: 'EACCES',
  errno: -13,
  syscall: 'listen',
  address: '0.0.0.0',
  port: 80
}
Error: listen EACCES: permission denied 0.0.0.0:80
    at Server.setupListenHandle [as _listen2] (node:net:1800:21)
    at listenInCluster (node:net:1865:12)
    at Server.listen (node:net:1953:7)
    at Function.listen (/home/ubuntu/2nd10WeeksofCloudOps-main/backend/node_modules/express/lib/application.js:635:24)
    at file:///home/ubuntu/2nd10WeeksofCloudOps-main/backend/index.js:80:5
    at ModuleJob.run (node:internal/modules/esm/module_job:195:25)
    at async ModuleLoader.import (node:internal/modules/esm/loader:337:24)
    at async importModuleDynamicallyWrapper (node:internal/vm/module:432:15) {
  code: 'EACCES',
  errno: -13,
  syscall: 'listen',
  address: '0.0.0.0',
  port: 80
}
Error: listen EACCES: permission denied 0.0.0.0:80
    at Server.setupListenHandle [as _listen2] (node:net:1800:21)
    at listenInCluster (node:net:1865:12)
    at Server.listen (node:net:1953:7)
    at Function.listen (/home/ubuntu/2nd10WeeksofCloudOps-main/backend/node_modules/express/lib/application.js:635:24)
    at file:///home/ubuntu/2nd10WeeksofCloudOps-main/backend/index.js:80:5
    at ModuleJob.run (node:internal/modules/esm/module_job:195:25)
    at async ModuleLoader.import (node:internal/modules/esm/loader:337:24)
    at async importModuleDynamicallyWrapper (node:internal/vm/module:432:15) {
  code: 'EACCES',
  errno: -13,
  syscall: 'listen',
  address: '0.0.0.0',
  port: 80
}
Error: listen EACCES: permission denied 0.0.0.0:80
    at Server.setupListenHandle [as _listen2] (node:net:1800:21)
    at listenInCluster (node:net:1865:12)
    at Server.listen (node:net:1953:7)
    at Function.listen (/home/ubuntu/2nd10WeeksofCloudOps-main/backend/node_modules/express/lib/application.js:635:24)
    at file:///home/ubuntu/2nd10WeeksofCloudOps-main/backend/index.js:80:5
    at ModuleJob.run (node:internal/modules/esm/module_job:195:25)
    at async ModuleLoader.import (node:internal/modules/esm/loader:337:24)
    at async importModuleDynamicallyWrapper (node:internal/vm/module:432:15) {
  code: 'EACCES',
  errno: -13,
  syscall: 'listen',
  address: '0.0.0.0',
  port: 80
}
Error: listen EACCES: permission denied 0.0.0.0:80
    at Server.setupListenHandle [as _listen2] (node:net:1800:21)
    at listenInCluster (node:net:1865:12)
    at Server.listen (node:net:1953:7)
    at Function.listen (/home/ubuntu/2nd10WeeksofCloudOps-main/backend/node_modules/express/lib/application.js:635:24)
    at file:///home/ubuntu/2nd10WeeksofCloudOps-main/backend/index.js:80:5
    at ModuleJob.run (node:internal/modules/esm/module_job:195:25)
    at async ModuleLoader.import (node:internal/modules/esm/loader:337:24)
    at async importModuleDynamicallyWrapper (node:internal/vm/module:432:15) {
  code: 'EACCES',
  errno: -13,
  syscall: 'listen',
  address: '0.0.0.0',
  port: 80
}
Error: listen EACCES: permission denied 0.0.0.0:80
    at Server.setupListenHandle [as _listen2] (node:net:1800:21)
    at listenInCluster (node:net:1865:12)
    at Server.listen (node:net:1953:7)
    at Function.listen (/home/ubuntu/2nd10WeeksofCloudOps-main/backend/node_modules/express/lib/application.js:635:24)
    at file:///home/ubuntu/2nd10WeeksofCloudOps-main/backend/index.js:80:5
    at ModuleJob.run (node:internal/modules/esm/module_job:195:25)
    at async ModuleLoader.import (node:internal/modules/esm/loader:337:24)
    at async importModuleDynamicallyWrapper (node:internal/vm/module:432:15) {
  code: 'EACCES',
  errno: -13,
  syscall: 'listen',
  address: '0.0.0.0',
  port: 80
}
Error: listen EACCES: permission denied 0.0.0.0:80
    at Server.setupListenHandle [as _listen2] (node:net:1800:21)
    at listenInCluster (node:net:1865:12)
    at Server.listen (node:net:1953:7)
    at Function.listen (/home/ubuntu/2nd10WeeksofCloudOps-main/backend/node_modules/express/lib/application.js:635:24)
    at file:///home/ubuntu/2nd10WeeksofCloudOps-main/backend/index.js:80:5
    at ModuleJob.run (node:internal/modules/esm/module_job:195:25)
    at async ModuleLoader.import (node:internal/modules/esm/loader:337:24)
    at async importModuleDynamicallyWrapper (node:internal/vm/module:432:15) {
  code: 'EACCES',
  errno: -13,
  syscall: 'listen',
  address: '0.0.0.0',
  port: 80
}
Error: listen EACCES: permission denied 0.0.0.0:80
    at Server.setupListenHandle [as _listen2] (node:net:1800:21)
    at listenInCluster (node:net:1865:12)
    at Server.listen (node:net:1953:7)
    at Function.listen (/home/ubuntu/2nd10WeeksofCloudOps-main/backend/node_modules/express/lib/application.js:635:24)
    at file:///home/ubuntu/2nd10WeeksofCloudOps-main/backend/index.js:80:5
    at ModuleJob.run (node:internal/modules/esm/module_job:195:25)
    at async ModuleLoader.import (node:internal/modules/esm/loader:337:24)
    at async importModuleDynamicallyWrapper (node:internal/vm/module:432:15) {
  code: 'EACCES',
  errno: -13,
  syscall: 'listen',
  address: '0.0.0.0',
  port: 80
}
Error: listen EACCES: permission denied 0.0.0.0:80
    at Server.setupListenHandle [as _listen2] (node:net:1800:21)
    at listenInCluster (node:net:1865:12)
    at Server.listen (node:net:1953:7)
    at Function.listen (/home/ubuntu/2nd10WeeksofCloudOps-main/backend/node_modules/express/lib/application.js:635:24)
    at file:///home/ubuntu/2nd10WeeksofCloudOps-main/backend/index.js:80:5
    at ModuleJob.run (node:internal/modules/esm/module_job:195:25)
    at async ModuleLoader.import (node:internal/modules/esm/loader:337:24)
    at async importModuleDynamicallyWrapper (node:internal/vm/module:432:15) {
  code: 'EACCES',
  errno: -13,
  syscall: 'listen',
  address: '0.0.0.0',
  port: 80
}
Error: listen EACCES: permission denied 0.0.0.0:80
    at Server.setupListenHandle [as _listen2] (node:net:1800:21)
    at listenInCluster (node:net:1865:12)
    at Server.listen (node:net:1953:7)
    at Function.listen (/home/ubuntu/2nd10WeeksofCloudOps-main/backend/node_modules/express/lib/application.js:635:24)
    at file:///home/ubuntu/2nd10WeeksofCloudOps-main/backend/index.js:80:5
    at ModuleJob.run (node:internal/modules/esm/module_job:195:25)
    at async ModuleLoader.import (node:internal/modules/esm/loader:337:24)
    at async importModuleDynamicallyWrapper (node:internal/vm/module:432:15) {
  code: 'EACCES',
  errno: -13,
  syscall: 'listen',
  address: '0.0.0.0',
  port: 80
}
Error: listen EACCES: permission denied 0.0.0.0:80
    at Server.setupListenHandle [as _listen2] (node:net:1800:21)
    at listenInCluster (node:net:1865:12)
    at Server.listen (node:net:1953:7)
    at Function.listen (/home/ubuntu/2nd10WeeksofCloudOps-main/backend/node_modules/express/lib/application.js:635:24)
    at file:///home/ubuntu/2nd10WeeksofCloudOps-main/backend/index.js:80:5
    at ModuleJob.run (node:internal/modules/esm/module_job:195:25)
    at async ModuleLoader.import (node:internal/modules/esm/loader:337:24)
    at async importModuleDynamicallyWrapper (node:internal/vm/module:432:15) {
  code: 'EACCES',
  errno: -13,
  syscall: 'listen',
  address: '0.0.0.0',
  port: 80
}
Error: listen EACCES: permission denied 0.0.0.0:80
    at Server.setupListenHandle [as _listen2] (node:net:1800:21)
    at listenInCluster (node:net:1865:12)
    at Server.listen (node:net:1953:7)
    at Function.listen (/home/ubuntu/2nd10WeeksofCloudOps-main/backend/node_modules/express/lib/application.js:635:24)
    at file:///home/ubuntu/2nd10WeeksofCloudOps-main/backend/index.js:80:5
    at ModuleJob.run (node:internal/modules/esm/module_job:195:25)
    at async ModuleLoader.import (node:internal/modules/esm/loader:337:24)
    at async importModuleDynamicallyWrapper (node:internal/vm/module:432:15) {
  code: 'EACCES',
  errno: -13,
  syscall: 'listen',
  address: '0.0.0.0',
  port: 80
}
Error: listen EACCES: permission denied 0.0.0.0:80
    at Server.setupListenHandle [as _listen2] (node:net:1800:21)
    at listenInCluster (node:net:1865:12)
    at Server.listen (node:net:1953:7)
    at Function.listen (/home/ubuntu/2nd10WeeksofCloudOps-main/backend/node_modules/express/lib/application.js:635:24)
    at file:///home/ubuntu/2nd10WeeksofCloudOps-main/backend/index.js:80:5
    at ModuleJob.run (node:internal/modules/esm/module_job:195:25)
    at async ModuleLoader.import (node:internal/modules/esm/loader:337:24)
    at async importModuleDynamicallyWrapper (node:internal/vm/module:432:15) {
  code: 'EACCES',
  errno: -13,
  syscall: 'listen',
  address: '0.0.0.0',
  port: 80
}
Error: listen EACCES: permission denied 0.0.0.0:80
    at Server.setupListenHandle [as _listen2] (node:net:1800:21)
    at listenInCluster (node:net:1865:12)
    at Server.listen (node:net:1953:7)
    at Function.listen (/home/ubuntu/2nd10WeeksofCloudOps-main/backend/node_modules/express/lib/application.js:635:24)
    at file:///home/ubuntu/2nd10WeeksofCloudOps-main/backend/index.js:80:5
    at ModuleJob.run (node:internal/modules/esm/module_job:195:25)
    at async ModuleLoader.import (node:internal/modules/esm/loader:337:24)
    at async importModuleDynamicallyWrapper (node:internal/vm/module:432:15) {
  code: 'EACCES',
  errno: -13,
  syscall: 'listen',
  address: '0.0.0.0',
  port: 80
}
Error: listen EACCES: permission denied 0.0.0.0:80
    at Server.setupListenHandle [as _listen2] (node:net:1800:21)
    at listenInCluster (node:net:1865:12)
    at Server.listen (node:net:1953:7)
    at Function.listen (/home/ubuntu/2nd10WeeksofCloudOps-main/backend/node_modules/express/lib/application.js:635:24)
    at file:///home/ubuntu/2nd10WeeksofCloudOps-main/backend/index.js:80:5
    at ModuleJob.run (node:internal/modules/esm/module_job:195:25)
    at async ModuleLoader.import (node:internal/modules/esm/loader:337:24)
    at async importModuleDynamicallyWrapper (node:internal/vm/module:432:15) {
  code: 'EACCES',
  errno: -13,
  syscall: 'listen',
  address: '0.0.0.0',
  port: 80
}
Error: listen EACCES: permission denied 0.0.0.0:80
    at Server.setupListenHandle [as _listen2] (node:net:1800:21)
    at listenInCluster (node:net:1865:12)
    at Server.listen (node:net:1953:7)
    at Function.listen (/home/ubuntu/2nd10WeeksofCloudOps-main/backend/node_modules/express/lib/application.js:635:24)
    at file:///home/ubuntu/2nd10WeeksofCloudOps-main/backend/index.js:80:5
    at ModuleJob.run (node:internal/modules/esm/module_job:195:25)
    at async ModuleLoader.import (node:internal/modules/esm/loader:337:24)
    at async importModuleDynamicallyWrapper (node:internal/vm/module:432:15) {
  code: 'EACCES',
  errno: -13,
  syscall: 'listen',
  address: '0.0.0.0',
  port: 80
}
Error: listen EACCES: permission denied 0.0.0.0:80
    at Server.setupListenHandle [as _listen2] (node:net:1800:21)
    at listenInCluster (node:net:1865:12)
    at Server.listen (node:net:1953:7)
    at Function.listen (/home/ubuntu/2nd10WeeksofCloudOps-main/backend/node_modules/express/lib/application.js:635:24)
    at file:///home/ubuntu/2nd10WeeksofCloudOps-main/backend/index.js:80:5
    at ModuleJob.run (node:internal/modules/esm/module_job:195:25)
    at async ModuleLoader.import (node:internal/modules/esm/loader:337:24)
    at async importModuleDynamicallyWrapper (node:internal/vm/module:432:15) {
  code: 'EACCES',
  errno: -13,
  syscall: 'listen',
  address: '0.0.0.0',
  port: 80
}
Error: listen EACCES: permission denied 0.0.0.0:80
    at Server.setupListenHandle [as _listen2] (node:net:1800:21)
    at listenInCluster (node:net:1865:12)
    at Server.listen (node:net:1953:7)
    at Function.listen (/home/ubuntu/2nd10WeeksofCloudOps-main/backend/node_modules/express/lib/application.js:635:24)
    at file:///home/ubuntu/2nd10WeeksofCloudOps-main/backend/index.js:80:5
    at ModuleJob.run (node:internal/modules/esm/module_job:195:25)
    at async ModuleLoader.import (node:internal/modules/esm/loader:337:24)
    at async importModuleDynamicallyWrapper (node:internal/vm/module:432:15) {
  code: 'EACCES',
  errno: -13,
  syscall: 'listen',
  address: '0.0.0.0',
  port: 80
}
Error: listen EACCES: permission denied 0.0.0.0:80
    at Server.setupListenHandle [as _listen2] (node:net:1800:21)
    at listenInCluster (node:net:1865:12)
    at Server.listen (node:net:1953:7)
    at Function.listen (/home/ubuntu/2nd10WeeksofCloudOps-main/backend/node_modules/express/lib/application.js:635:24)
    at file:///home/ubuntu/2nd10WeeksofCloudOps-main/backend/index.js:80:5
    at ModuleJob.run (node:internal/modules/esm/module_job:195:25)
    at async ModuleLoader.import (node:internal/modules/esm/loader:337:24)
    at async importModuleDynamicallyWrapper (node:internal/vm/module:432:15) {
  code: 'EACCES',
  errno: -13,
  syscall: 'listen',
  address: '0.0.0.0',
  port: 80
}
Error: listen EACCES: permission denied 0.0.0.0:80
    at Server.setupListenHandle [as _listen2] (node:net:1800:21)
    at listenInCluster (node:net:1865:12)
    at Server.listen (node:net:1953:7)
    at Function.listen (/home/ubuntu/2nd10WeeksofCloudOps-main/backend/node_modules/express/lib/application.js:635:24)
    at file:///home/ubuntu/2nd10WeeksofCloudOps-main/backend/index.js:80:5
    at ModuleJob.run (node:internal/modules/esm/module_job:195:25)
    at async ModuleLoader.import (node:internal/modules/esm/loader:337:24)
    at async importModuleDynamicallyWrapper (node:internal/vm/module:432:15) {
  code: 'EACCES',
  errno: -13,
  syscall: 'listen',
  address: '0.0.0.0',
  port: 80
}
Error: listen EACCES: permission denied 0.0.0.0:80
    at Server.setupListenHandle [as _listen2] (node:net:1800:21)
    at listenInCluster (node:net:1865:12)
    at Server.listen (node:net:1953:7)
    at Function.listen (/home/ubuntu/2nd10WeeksofCloudOps-main/backend/node_modules/express/lib/application.js:635:24)
    at file:///home/ubuntu/2nd10WeeksofCloudOps-main/backend/index.js:80:5
    at ModuleJob.run (node:internal/modules/esm/module_job:195:25)
    at async ModuleLoader.import (node:internal/modules/esm/loader:337:24)
    at async importModuleDynamicallyWrapper (node:internal/vm/module:432:15) {
  code: 'EACCES',
  errno: -13,
  syscall: 'listen',
  address: '0.0.0.0',
  port: 80
}
Error: listen EACCES: permission denied 0.0.0.0:80
    at Server.setupListenHandle [as _listen2] (node:net:1800:21)
    at listenInCluster (node:net:1865:12)
    at Server.listen (node:net:1953:7)
    at Function.listen (/home/ubuntu/2nd10WeeksofCloudOps-main/backend/node_modules/express/lib/application.js:635:24)
    at file:///home/ubuntu/2nd10WeeksofCloudOps-main/backend/index.js:80:5
    at ModuleJob.run (node:internal/modules/esm/module_job:195:25)
    at async ModuleLoader.import (node:internal/modules/esm/loader:337:24)
    at async importModuleDynamicallyWrapper (node:internal/vm/module:432:15) {
  code: 'EACCES',
  errno: -13,
  syscall: 'listen',
  address: '0.0.0.0',
  port: 80
}
Error: listen EACCES: permission denied 0.0.0.0:80
    at Server.setupListenHandle [as _listen2] (node:net:1800:21)
    at listenInCluster (node:net:1865:12)
    at Server.listen (node:net:1953:7)
    at Function.listen (/home/ubuntu/2nd10WeeksofCloudOps-main/backend/node_modules/express/lib/application.js:635:24)
    at file:///home/ubuntu/2nd10WeeksofCloudOps-main/backend/index.js:80:5
    at ModuleJob.run (node:internal/modules/esm/module_job:195:25)
    at async ModuleLoader.import (node:internal/modules/esm/loader:337:24)
    at async importModuleDynamicallyWrapper (node:internal/vm/module:432:15) {
  code: 'EACCES',
  errno: -13,
  syscall: 'listen',
  address: '0.0.0.0',
  port: 80
}
Error: listen EACCES: permission denied 0.0.0.0:80
    at Server.setupListenHandle [as _listen2] (node:net:1800:21)
    at listenInCluster (node:net:1865:12)
    at Server.listen (node:net:1953:7)
    at Function.listen (/home/ubuntu/2nd10WeeksofCloudOps-main/backend/node_modules/express/lib/application.js:635:24)
    at file:///home/ubuntu/2nd10WeeksofCloudOps-main/backend/index.js:80:5
    at ModuleJob.run (node:internal/modules/esm/module_job:195:25)
    at async ModuleLoader.import (node:internal/modules/esm/loader:337:24)
    at async importModuleDynamicallyWrapper (node:internal/vm/module:432:15) {
  code: 'EACCES',
  errno: -13,
  syscall: 'listen',
  address: '0.0.0.0',
  port: 80
}
Error: listen EACCES: permission denied 0.0.0.0:80
    at Server.setupListenHandle [as _listen2] (node:net:1800:21)
    at listenInCluster (node:net:1865:12)
    at Server.listen (node:net:1953:7)
    at Function.listen (/home/ubuntu/2nd10WeeksofCloudOps-main/backend/node_modules/express/lib/application.js:635:24)
    at file:///home/ubuntu/2nd10WeeksofCloudOps-main/backend/index.js:80:5
    at ModuleJob.run (node:internal/modules/esm/module_job:195:25)
    at async ModuleLoader.import (node:internal/modules/esm/loader:337:24)
    at async importModuleDynamicallyWrapper (node:internal/vm/module:432:15) {
  code: 'EACCES',
  errno: -13,
  syscall: 'listen',
  address: '0.0.0.0',
  port: 80
}
Error: listen EACCES: permission denied 0.0.0.0:80
    at Server.setupListenHandle [as _listen2] (node:net:1800:21)
    at listenInCluster (node:net:1865:12)
    at Server.listen (node:net:1953:7)
    at Function.listen (/home/ubuntu/2nd10WeeksofCloudOps-main/backend/node_modules/express/lib/application.js:635:24)
    at file:///home/ubuntu/2nd10WeeksofCloudOps-main/backend/index.js:80:5
    at ModuleJob.run (node:internal/modules/esm/module_job:195:25)
    at async ModuleLoader.import (node:internal/modules/esm/loader:337:24)
    at async importModuleDynamicallyWrapper (node:internal/vm/module:432:15) {
  code: 'EACCES',
  errno: -13,
  syscall: 'listen',
  address: '0.0.0.0',
  port: 80
}
Error: listen EACCES: permission denied 0.0.0.0:80
    at Server.setupListenHandle [as _listen2] (node:net:1800:21)
    at listenInCluster (node:net:1865:12)
    at Server.listen (node:net:1953:7)
    at Function.listen (/home/ubuntu/2nd10WeeksofCloudOps-main/backend/node_modules/express/lib/application.js:635:24)
    at file:///home/ubuntu/2nd10WeeksofCloudOps-main/backend/index.js:80:5
    at ModuleJob.run (node:internal/modules/esm/module_job:195:25)
    at async ModuleLoader.import (node:internal/modules/esm/loader:337:24)
    at async importModuleDynamicallyWrapper (node:internal/vm/module:432:15) {
  code: 'EACCES',
  errno: -13,
  syscall: 'listen',
  address: '0.0.0.0',
  port: 80
}
Error: listen EACCES: permission denied 0.0.0.0:80
    at Server.setupListenHandle [as _listen2] (node:net:1800:21)
    at listenInCluster (node:net:1865:12)
    at Server.listen (node:net:1953:7)
    at Function.listen (/home/ubuntu/2nd10WeeksofCloudOps-main/backend/node_modules/express/lib/application.js:635:24)
    at file:///home/ubuntu/2nd10WeeksofCloudOps-main/backend/index.js:80:5
    at ModuleJob.run (node:internal/modules/esm/module_job:195:25)
    at async ModuleLoader.import (node:internal/modules/esm/loader:337:24)
    at async importModuleDynamicallyWrapper (node:internal/vm/module:432:15) {
  code: 'EACCES',
  errno: -13,
  syscall: 'listen',
  address: '0.0.0.0',
  port: 80
}
SyntaxError: Malformed arrow function parameter list
    at ModuleLoader.moduleStrategy (node:internal/modules/esm/translators:152:18)
    at ModuleLoader.moduleProvider (node:internal/modules/esm/loader:299:14)
    at async link (node:internal/modules/esm/module_job:67:21)
SyntaxError: missing ) after argument list
    at ModuleLoader.moduleStrategy (node:internal/modules/esm/translators:152:18)
    at ModuleLoader.moduleProvider (node:internal/modules/esm/loader:299:14)
    at async link (node:internal/modules/esm/module_job:67:21)
Error: Unknown database 'books'
    at Packet.asError (/home/ubuntu/2nd10WeeksofCloudOps-main/backend/node_modules/mysql2/lib/packets/packet.js:788:17)
    at ClientHandshake.execute (/home/ubuntu/2nd10WeeksofCloudOps-main/backend/node_modules/mysql2/lib/commands/command.js:29:26)
    at Connection.handlePacket (/home/ubuntu/2nd10WeeksofCloudOps-main/backend/node_modules/mysql2/lib/base/connection.js:552:34)
    at PacketParser.onPacket (/home/ubuntu/2nd10WeeksofCloudOps-main/backend/node_modules/mysql2/lib/base/connection.js:102:12)
    at PacketParser.executeStart (/home/ubuntu/2nd10WeeksofCloudOps-main/backend/node_modules/mysql2/lib/packet_parser.js:75:16)
    at Socket.<anonymous> (/home/ubuntu/2nd10WeeksofCloudOps-main/backend/node_modules/mysql2/lib/base/connection.js:109:25)
    at Socket.emit (node:events:517:28)
    at addChunk (node:internal/streams/readable:368:12)
    at readableAddChunk (node:internal/streams/readable:341:9)
    at Readable.push (node:internal/streams/readable:278:10) {
  code: 'ER_BAD_DB_ERROR',
  errno: 1049,
  sqlState: '42000',
  sqlMessage: "Unknown database 'books'",
  sql: undefined,
  fatal: true
}
Error: Unknown database 'books'
    at Packet.asError (/home/ubuntu/2nd10WeeksofCloudOps-main/backend/node_modules/mysql2/lib/packets/packet.js:788:17)
    at ClientHandshake.execute (/home/ubuntu/2nd10WeeksofCloudOps-main/backend/node_modules/mysql2/lib/commands/command.js:29:26)
    at Connection.handlePacket (/home/ubuntu/2nd10WeeksofCloudOps-main/backend/node_modules/mysql2/lib/base/connection.js:552:34)
    at PacketParser.onPacket (/home/ubuntu/2nd10WeeksofCloudOps-main/backend/node_modules/mysql2/lib/base/connection.js:102:12)
    at PacketParser.executeStart (/home/ubuntu/2nd10WeeksofCloudOps-main/backend/node_modules/mysql2/lib/packet_parser.js:75:16)
    at Socket.<anonymous> (/home/ubuntu/2nd10WeeksofCloudOps-main/backend/node_modules/mysql2/lib/base/connection.js:109:25)
    at Socket.emit (node:events:517:28)
    at addChunk (node:internal/streams/readable:368:12)
    at readableAddChunk (node:internal/streams/readable:341:9)
    at Readable.push (node:internal/streams/readable:278:10) {
  code: 'ER_BAD_DB_ERROR',
  errno: 1049,
  sqlState: '42000',
  sqlMessage: "Unknown database 'books'",
  sql: undefined,
  fatal: true
}
Error: Unknown database 'books'
    at Packet.asError (/home/ubuntu/2nd10WeeksofCloudOps-main/backend/node_modules/mysql2/lib/packets/packet.js:788:17)
    at ClientHandshake.execute (/home/ubuntu/2nd10WeeksofCloudOps-main/backend/node_modules/mysql2/lib/commands/command.js:29:26)
    at Connection.handlePacket (/home/ubuntu/2nd10WeeksofCloudOps-main/backend/node_modules/mysql2/lib/base/connection.js:552:34)
    at PacketParser.onPacket (/home/ubuntu/2nd10WeeksofCloudOps-main/backend/node_modules/mysql2/lib/base/connection.js:102:12)
    at PacketParser.executeStart (/home/ubuntu/2nd10WeeksofCloudOps-main/backend/node_modules/mysql2/lib/packet_parser.js:75:16)
    at Socket.<anonymous> (/home/ubuntu/2nd10WeeksofCloudOps-main/backend/node_modules/mysql2/lib/base/connection.js:109:25)
    at Socket.emit (node:events:517:28)
    at addChunk (node:internal/streams/readable:368:12)
    at readableAddChunk (node:internal/streams/readable:341:9)
    at Readable.push (node:internal/streams/readable:278:10) {
  code: 'ER_BAD_DB_ERROR',
  errno: 1049,
  sqlState: '42000',
  sqlMessage: "Unknown database 'books'",
  sql: undefined,
  fatal: true
}
Error: Unknown database 'books'
    at Packet.asError (/home/ubuntu/2nd10WeeksofCloudOps-main/backend/node_modules/mysql2/lib/packets/packet.js:788:17)
    at ClientHandshake.execute (/home/ubuntu/2nd10WeeksofCloudOps-main/backend/node_modules/mysql2/lib/commands/command.js:29:26)
    at Connection.handlePacket (/home/ubuntu/2nd10WeeksofCloudOps-main/backend/node_modules/mysql2/lib/base/connection.js:552:34)
    at PacketParser.onPacket (/home/ubuntu/2nd10WeeksofCloudOps-main/backend/node_modules/mysql2/lib/base/connection.js:102:12)
    at PacketParser.executeStart (/home/ubuntu/2nd10WeeksofCloudOps-main/backend/node_modules/mysql2/lib/packet_parser.js:75:16)
    at Socket.<anonymous> (/home/ubuntu/2nd10WeeksofCloudOps-main/backend/node_modules/mysql2/lib/base/connection.js:109:25)
    at Socket.emit (node:events:517:28)
    at addChunk (node:internal/streams/readable:368:12)
    at readableAddChunk (node:internal/streams/readable:341:9)
    at Readable.push (node:internal/streams/readable:278:10) {
  code: 'ER_BAD_DB_ERROR',
  errno: 1049,
  sqlState: '42000',
  sqlMessage: "Unknown database 'books'",
  sql: undefined,
  fatal: true
}
Error: Unknown database 'books'
    at Packet.asError (/home/ubuntu/2nd10WeeksofCloudOps-main/backend/node_modules/mysql2/lib/packets/packet.js:788:17)
    at ClientHandshake.execute (/home/ubuntu/2nd10WeeksofCloudOps-main/backend/node_modules/mysql2/lib/commands/command.js:29:26)
    at Connection.handlePacket (/home/ubuntu/2nd10WeeksofCloudOps-main/backend/node_modules/mysql2/lib/base/connection.js:552:34)
    at PacketParser.onPacket (/home/ubuntu/2nd10WeeksofCloudOps-main/backend/node_modules/mysql2/lib/base/connection.js:102:12)
    at PacketParser.executeStart (/home/ubuntu/2nd10WeeksofCloudOps-main/backend/node_modules/mysql2/lib/packet_parser.js:75:16)
    at Socket.<anonymous> (/home/ubuntu/2nd10WeeksofCloudOps-main/backend/node_modules/mysql2/lib/base/connection.js:109:25)
    at Socket.emit (node:events:517:28)
    at addChunk (node:internal/streams/readable:368:12)
    at readableAddChunk (node:internal/streams/readable:341:9)
    at Readable.push (node:internal/streams/readable:278:10) {
  code: 'ER_BAD_DB_ERROR',
  errno: 1049,
  sqlState: '42000',
  sqlMessage: "Unknown database 'books'",
  sql: undefined,
  fatal: true
}
Error: Unknown database 'books'
    at Packet.asError (/home/ubuntu/2nd10WeeksofCloudOps-main/backend/node_modules/mysql2/lib/packets/packet.js:788:17)
    at ClientHandshake.execute (/home/ubuntu/2nd10WeeksofCloudOps-main/backend/node_modules/mysql2/lib/commands/command.js:29:26)
    at Connection.handlePacket (/home/ubuntu/2nd10WeeksofCloudOps-main/backend/node_modules/mysql2/lib/base/connection.js:552:34)
    at PacketParser.onPacket (/home/ubuntu/2nd10WeeksofCloudOps-main/backend/node_modules/mysql2/lib/base/connection.js:102:12)
    at PacketParser.executeStart (/home/ubuntu/2nd10WeeksofCloudOps-main/backend/node_modules/mysql2/lib/packet_parser.js:75:16)
    at Socket.<anonymous> (/home/ubuntu/2nd10WeeksofCloudOps-main/backend/node_modules/mysql2/lib/base/connection.js:109:25)
    at Socket.emit (node:events:517:28)
    at addChunk (node:internal/streams/readable:368:12)
    at readableAddChunk (node:internal/streams/readable:341:9)
    at Readable.push (node:internal/streams/readable:278:10) {
  code: 'ER_BAD_DB_ERROR',
  errno: 1049,
  sqlState: '42000',
  sqlMessage: "Unknown database 'books'",
  sql: undefined,
  fatal: true
}
Error: Unknown database 'books'
    at Packet.asError (/home/ubuntu/2nd10WeeksofCloudOps-main/backend/node_modules/mysql2/lib/packets/packet.js:788:17)
    at ClientHandshake.execute (/home/ubuntu/2nd10WeeksofCloudOps-main/backend/node_modules/mysql2/lib/commands/command.js:29:26)
    at Connection.handlePacket (/home/ubuntu/2nd10WeeksofCloudOps-main/backend/node_modules/mysql2/lib/base/connection.js:552:34)
    at PacketParser.onPacket (/home/ubuntu/2nd10WeeksofCloudOps-main/backend/node_modules/mysql2/lib/base/connection.js:102:12)
    at PacketParser.executeStart (/home/ubuntu/2nd10WeeksofCloudOps-main/backend/node_modules/mysql2/lib/packet_parser.js:75:16)
    at Socket.<anonymous> (/home/ubuntu/2nd10WeeksofCloudOps-main/backend/node_modules/mysql2/lib/base/connection.js:109:25)
    at Socket.emit (node:events:517:28)
    at addChunk (node:internal/streams/readable:368:12)
    at readableAddChunk (node:internal/streams/readable:341:9)
    at Readable.push (node:internal/streams/readable:278:10) {
  code: 'ER_BAD_DB_ERROR',
  errno: 1049,
  sqlState: '42000',
  sqlMessage: "Unknown database 'books'",
  sql: undefined,
  fatal: true
}
Error: Unknown database 'books'
    at Packet.asError (/home/ubuntu/2nd10WeeksofCloudOps-main/backend/node_modules/mysql2/lib/packets/packet.js:788:17)
    at ClientHandshake.execute (/home/ubuntu/2nd10WeeksofCloudOps-main/backend/node_modules/mysql2/lib/commands/command.js:29:26)
    at Connection.handlePacket (/home/ubuntu/2nd10WeeksofCloudOps-main/backend/node_modules/mysql2/lib/base/connection.js:552:34)
    at PacketParser.onPacket (/home/ubuntu/2nd10WeeksofCloudOps-main/backend/node_modules/mysql2/lib/base/connection.js:102:12)
    at PacketParser.executeStart (/home/ubuntu/2nd10WeeksofCloudOps-main/backend/node_modules/mysql2/lib/packet_parser.js:75:16)
    at Socket.<anonymous> (/home/ubuntu/2nd10WeeksofCloudOps-main/backend/node_modules/mysql2/lib/base/connection.js:109:25)
    at Socket.emit (node:events:517:28)
    at addChunk (node:internal/streams/readable:368:12)
    at readableAddChunk (node:internal/streams/readable:341:9)
    at Readable.push (node:internal/streams/readable:278:10) {
  code: 'ER_BAD_DB_ERROR',
  errno: 1049,
  sqlState: '42000',
  sqlMessage: "Unknown database 'books'",
  sql: undefined,
  fatal: true
}
Error: Unknown database 'books'
    at Packet.asError (/home/ubuntu/2nd10WeeksofCloudOps-main/backend/node_modules/mysql2/lib/packets/packet.js:788:17)
    at ClientHandshake.execute (/home/ubuntu/2nd10WeeksofCloudOps-main/backend/node_modules/mysql2/lib/commands/command.js:29:26)
    at Connection.handlePacket (/home/ubuntu/2nd10WeeksofCloudOps-main/backend/node_modules/mysql2/lib/base/connection.js:552:34)
    at PacketParser.onPacket (/home/ubuntu/2nd10WeeksofCloudOps-main/backend/node_modules/mysql2/lib/base/connection.js:102:12)
    at PacketParser.executeStart (/home/ubuntu/2nd10WeeksofCloudOps-main/backend/node_modules/mysql2/lib/packet_parser.js:75:16)
    at Socket.<anonymous> (/home/ubuntu/2nd10WeeksofCloudOps-main/backend/node_modules/mysql2/lib/base/connection.js:109:25)
    at Socket.emit (node:events:517:28)
    at addChunk (node:internal/streams/readable:368:12)
    at readableAddChunk (node:internal/streams/readable:341:9)
    at Readable.push (node:internal/streams/readable:278:10) {
  code: 'ER_BAD_DB_ERROR',
  errno: 1049,
  sqlState: '42000',
  sqlMessage: "Unknown database 'books'",
  sql: undefined,
  fatal: true
}
Error: Unknown database 'books'
    at Packet.asError (/home/ubuntu/2nd10WeeksofCloudOps-main/backend/node_modules/mysql2/lib/packets/packet.js:788:17)
    at ClientHandshake.execute (/home/ubuntu/2nd10WeeksofCloudOps-main/backend/node_modules/mysql2/lib/commands/command.js:29:26)
    at Connection.handlePacket (/home/ubuntu/2nd10WeeksofCloudOps-main/backend/node_modules/mysql2/lib/base/connection.js:552:34)
    at PacketParser.onPacket (/home/ubuntu/2nd10WeeksofCloudOps-main/backend/node_modules/mysql2/lib/base/connection.js:102:12)
    at PacketParser.executeStart (/home/ubuntu/2nd10WeeksofCloudOps-main/backend/node_modules/mysql2/lib/packet_parser.js:75:16)
    at Socket.<anonymous> (/home/ubuntu/2nd10WeeksofCloudOps-main/backend/node_modules/mysql2/lib/base/connection.js:109:25)
    at Socket.emit (node:events:517:28)
    at addChunk (node:internal/streams/readable:368:12)
    at readableAddChunk (node:internal/streams/readable:341:9)
    at Readable.push (node:internal/streams/readable:278:10) {
  code: 'ER_BAD_DB_ERROR',
  errno: 1049,
  sqlState: '42000',
  sqlMessage: "Unknown database 'books'",
  sql: undefined,
  fatal: true
}
Error: Unknown database 'books'
    at Packet.asError (/home/ubuntu/2nd10WeeksofCloudOps-main/backend/node_modules/mysql2/lib/packets/packet.js:788:17)
    at ClientHandshake.execute (/home/ubuntu/2nd10WeeksofCloudOps-main/backend/node_modules/mysql2/lib/commands/command.js:29:26)
    at Connection.handlePacket (/home/ubuntu/2nd10WeeksofCloudOps-main/backend/node_modules/mysql2/lib/base/connection.js:552:34)
    at PacketParser.onPacket (/home/ubuntu/2nd10WeeksofCloudOps-main/backend/node_modules/mysql2/lib/base/connection.js:102:12)
    at PacketParser.executeStart (/home/ubuntu/2nd10WeeksofCloudOps-main/backend/node_modules/mysql2/lib/packet_parser.js:75:16)
    at Socket.<anonymous> (/home/ubuntu/2nd10WeeksofCloudOps-main/backend/node_modules/mysql2/lib/base/connection.js:109:25)
    at Socket.emit (node:events:517:28)
    at addChunk (node:internal/streams/readable:368:12)
    at readableAddChunk (node:internal/streams/readable:341:9)
    at Readable.push (node:internal/streams/readable:278:10) {
  code: 'ER_BAD_DB_ERROR',
  errno: 1049,
  sqlState: '42000',
  sqlMessage: "Unknown database 'books'",
  sql: undefined,
  fatal: true
}
Error: Unknown database 'books'
    at Packet.asError (/home/ubuntu/2nd10WeeksofCloudOps-main/backend/node_modules/mysql2/lib/packets/packet.js:788:17)
    at ClientHandshake.execute (/home/ubuntu/2nd10WeeksofCloudOps-main/backend/node_modules/mysql2/lib/commands/command.js:29:26)
    at Connection.handlePacket (/home/ubuntu/2nd10WeeksofCloudOps-main/backend/node_modules/mysql2/lib/base/connection.js:552:34)
    at PacketParser.onPacket (/home/ubuntu/2nd10WeeksofCloudOps-main/backend/node_modules/mysql2/lib/base/connection.js:102:12)
    at PacketParser.executeStart (/home/ubuntu/2nd10WeeksofCloudOps-main/backend/node_modules/mysql2/lib/packet_parser.js:75:16)
    at Socket.<anonymous> (/home/ubuntu/2nd10WeeksofCloudOps-main/backend/node_modules/mysql2/lib/base/connection.js:109:25)
    at Socket.emit (node:events:517:28)
    at addChunk (node:internal/streams/readable:368:12)
    at readableAddChunk (node:internal/streams/readable:341:9)
    at Readable.push (node:internal/streams/readable:278:10) {
  code: 'ER_BAD_DB_ERROR',
  errno: 1049,
  sqlState: '42000',
  sqlMessage: "Unknown database 'books'",
  sql: undefined,
  fatal: true
}
Error: Unknown database 'books'
    at Packet.asError (/home/ubuntu/2nd10WeeksofCloudOps-main/backend/node_modules/mysql2/lib/packets/packet.js:788:17)
    at ClientHandshake.execute (/home/ubuntu/2nd10WeeksofCloudOps-main/backend/node_modules/mysql2/lib/commands/command.js:29:26)
    at Connection.handlePacket (/home/ubuntu/2nd10WeeksofCloudOps-main/backend/node_modules/mysql2/lib/base/connection.js:552:34)
    at PacketParser.onPacket (/home/ubuntu/2nd10WeeksofCloudOps-main/backend/node_modules/mysql2/lib/base/connection.js:102:12)
    at PacketParser.executeStart (/home/ubuntu/2nd10WeeksofCloudOps-main/backend/node_modules/mysql2/lib/packet_parser.js:75:16)
    at Socket.<anonymous> (/home/ubuntu/2nd10WeeksofCloudOps-main/backend/node_modules/mysql2/lib/base/connection.js:109:25)
    at Socket.emit (node:events:517:28)
    at addChunk (node:internal/streams/readable:368:12)
    at readableAddChunk (node:internal/streams/readable:341:9)
    at Readable.push (node:internal/streams/readable:278:10) {
  code: 'ER_BAD_DB_ERROR',
  errno: 1049,
  sqlState: '42000',
  sqlMessage: "Unknown database 'books'",
  sql: undefined,
  fatal: true
}
Error: Unknown database 'books'
    at Packet.asError (/home/ubuntu/2nd10WeeksofCloudOps-main/backend/node_modules/mysql2/lib/packets/packet.js:788:17)
    at ClientHandshake.execute (/home/ubuntu/2nd10WeeksofCloudOps-main/backend/node_modules/mysql2/lib/commands/command.js:29:26)
    at Connection.handlePacket (/home/ubuntu/2nd10WeeksofCloudOps-main/backend/node_modules/mysql2/lib/base/connection.js:552:34)
    at PacketParser.onPacket (/home/ubuntu/2nd10WeeksofCloudOps-main/backend/node_modules/mysql2/lib/base/connection.js:102:12)
    at PacketParser.executeStart (/home/ubuntu/2nd10WeeksofCloudOps-main/backend/node_modules/mysql2/lib/packet_parser.js:75:16)
    at Socket.<anonymous> (/home/ubuntu/2nd10WeeksofCloudOps-main/backend/node_modules/mysql2/lib/base/connection.js:109:25)
    at Socket.emit (node:events:517:28)
    at addChunk (node:internal/streams/readable:368:12)
    at readableAddChunk (node:internal/streams/readable:341:9)
    at Readable.push (node:internal/streams/readable:278:10) {
  code: 'ER_BAD_DB_ERROR',
  errno: 1049,
  sqlState: '42000',
  sqlMessage: "Unknown database 'books'",
  sql: undefined,
  fatal: true
}
Error: Unknown database 'books'
    at Packet.asError (/home/ubuntu/2nd10WeeksofCloudOps-main/backend/node_modules/mysql2/lib/packets/packet.js:788:17)
    at ClientHandshake.execute (/home/ubuntu/2nd10WeeksofCloudOps-main/backend/node_modules/mysql2/lib/commands/command.js:29:26)
    at Connection.handlePacket (/home/ubuntu/2nd10WeeksofCloudOps-main/backend/node_modules/mysql2/lib/base/connection.js:552:34)
    at PacketParser.onPacket (/home/ubuntu/2nd10WeeksofCloudOps-main/backend/node_modules/mysql2/lib/base/connection.js:102:12)
    at PacketParser.executeStart (/home/ubuntu/2nd10WeeksofCloudOps-main/backend/node_modules/mysql2/lib/packet_parser.js:75:16)
    at Socket.<anonymous> (/home/ubuntu/2nd10WeeksofCloudOps-main/backend/node_modules/mysql2/lib/base/connection.js:109:25)
    at Socket.emit (node:events:517:28)
    at addChunk (node:internal/streams/readable:368:12)
    at readableAddChunk (node:internal/streams/readable:341:9)
    at Readable.push (node:internal/streams/readable:278:10) {
  code: 'ER_BAD_DB_ERROR',
  errno: 1049,
  sqlState: '42000',
  sqlMessage: "Unknown database 'books'",
  sql: undefined,
  fatal: true
}
Error: Unknown database 'books'
    at Packet.asError (/home/ubuntu/2nd10WeeksofCloudOps-main/backend/node_modules/mysql2/lib/packets/packet.js:788:17)
    at ClientHandshake.execute (/home/ubuntu/2nd10WeeksofCloudOps-main/backend/node_modules/mysql2/lib/commands/command.js:29:26)
    at Connection.handlePacket (/home/ubuntu/2nd10WeeksofCloudOps-main/backend/node_modules/mysql2/lib/base/connection.js:552:34)
    at PacketParser.onPacket (/home/ubuntu/2nd10WeeksofCloudOps-main/backend/node_modules/mysql2/lib/base/connection.js:102:12)
    at PacketParser.executeStart (/home/ubuntu/2nd10WeeksofCloudOps-main/backend/node_modules/mysql2/lib/packet_parser.js:75:16)
    at Socket.<anonymous> (/home/ubuntu/2nd10WeeksofCloudOps-main/backend/node_modules/mysql2/lib/base/connection.js:109:25)
    at Socket.emit (node:events:517:28)
    at addChunk (node:internal/streams/readable:368:12)
    at readableAddChunk (node:internal/streams/readable:341:9)
    at Readable.push (node:internal/streams/readable:278:10) {
  code: 'ER_BAD_DB_ERROR',
  errno: 1049,
  sqlState: '42000',
  sqlMessage: "Unknown database 'books'",
  sql: undefined,
  fatal: true
}
