2026-04-21T08:05:14: PM2 log: ===============================================================================
2026-04-21T08:05:14: PM2 log: --- New PM2 Daemon started ----------------------------------------------------
2026-04-21T08:05:14: PM2 log: Time                 : Tue Apr 21 2026 08:05:14 GMT+0000 (Coordinated Universal Time)
2026-04-21T08:05:14: PM2 log: PM2 version          : 6.0.14
2026-04-21T08:05:14: PM2 log: Node.js version      : 18.20.8
2026-04-21T08:05:14: PM2 log: Current arch         : x64
2026-04-21T08:05:14: PM2 log: PM2 home             : /home/ubuntu/.pm2
2026-04-21T08:05:14: PM2 log: PM2 PID file         : /home/ubuntu/.pm2/pm2.pid
2026-04-21T08:05:14: PM2 log: RPC socket file      : /home/ubuntu/.pm2/rpc.sock
2026-04-21T08:05:14: PM2 log: BUS socket file      : /home/ubuntu/.pm2/pub.sock
2026-04-21T08:05:14: PM2 log: Application log path : /home/ubuntu/.pm2/logs
2026-04-21T08:05:14: PM2 log: Worker Interval      : 30000
2026-04-21T08:05:14: PM2 log: Process dump file    : /home/ubuntu/.pm2/dump.pm2
2026-04-21T08:05:14: PM2 log: Concurrent actions   : 2
2026-04-21T08:05:14: PM2 log: SIGTERM timeout      : 1600
2026-04-21T08:05:14: PM2 log: Runtime Binary       : /usr/bin/node
2026-04-21T08:05:14: PM2 log: ===============================================================================
2026-04-21T08:05:14: PM2 log: App [backendApi:0] starting in -fork mode-
2026-04-21T08:05:14: PM2 log: App [backendApi:0] online
2026-04-21T08:05:15: PM2 log: App [backendApi:0] exited with code [1] via signal [SIGINT]
2026-04-21T08:05:15: PM2 log: App [backendApi:0] starting in -fork mode-
2026-04-21T08:05:15: PM2 log: App [backendApi:0] online
2026-04-21T08:05:15: PM2 log: App [backendApi:0] exited with code [1] via signal [SIGINT]
2026-04-21T08:05:15: PM2 log: App [backendApi:0] starting in -fork mode-
2026-04-21T08:05:15: PM2 log: App [backendApi:0] online
2026-04-21T08:05:15: PM2 log: App [backendApi:0] exited with code [1] via signal [SIGINT]
2026-04-21T08:05:15: PM2 log: App [backendApi:0] starting in -fork mode-
2026-04-21T08:05:15: PM2 log: App [backendApi:0] online
2026-04-21T08:05:16: PM2 log: App [backendApi:0] exited with code [1] via signal [SIGINT]
2026-04-21T08:05:16: PM2 log: App [backendApi:0] starting in -fork mode-
2026-04-21T08:05:16: PM2 log: App [backendApi:0] online
2026-04-21T08:05:16: PM2 log: App [backendApi:0] exited with code [1] via signal [SIGINT]
2026-04-21T08:05:16: PM2 log: App [backendApi:0] starting in -fork mode-
2026-04-21T08:05:16: PM2 log: App [backendApi:0] online
2026-04-21T08:05:16: PM2 log: App [backendApi:0] exited with code [1] via signal [SIGINT]
2026-04-21T08:05:16: PM2 log: App [backendApi:0] starting in -fork mode-
2026-04-21T08:05:16: PM2 log: App [backendApi:0] online
2026-04-21T08:05:17: PM2 log: App [backendApi:0] exited with code [1] via signal [SIGINT]
2026-04-21T08:05:17: PM2 log: App [backendApi:0] starting in -fork mode-
2026-04-21T08:05:17: PM2 log: App [backendApi:0] online
2026-04-21T08:05:17: PM2 log: App [backendApi:0] exited with code [1] via signal [SIGINT]
2026-04-21T08:05:17: PM2 log: App [backendApi:0] starting in -fork mode-
2026-04-21T08:05:17: PM2 log: App [backendApi:0] online
2026-04-21T08:05:17: PM2 log: App [backendApi:0] exited with code [1] via signal [SIGINT]
2026-04-21T08:05:17: PM2 log: App [backendApi:0] starting in -fork mode-
2026-04-21T08:05:17: PM2 log: App [backendApi:0] online
2026-04-21T08:05:18: PM2 log: App [backendApi:0] exited with code [1] via signal [SIGINT]
2026-04-21T08:05:18: PM2 log: App [backendApi:0] starting in -fork mode-
2026-04-21T08:05:18: PM2 log: App [backendApi:0] online
2026-04-21T08:05:18: PM2 log: App [backendApi:0] exited with code [1] via signal [SIGINT]
2026-04-21T08:05:18: PM2 log: App [backendApi:0] starting in -fork mode-
2026-04-21T08:05:18: PM2 log: App [backendApi:0] online
2026-04-21T08:05:18: PM2 log: App [backendApi:0] exited with code [1] via signal [SIGINT]
2026-04-21T08:05:18: PM2 log: App [backendApi:0] starting in -fork mode-
2026-04-21T08:05:18: PM2 log: App [backendApi:0] online
2026-04-21T08:05:19: PM2 log: App [backendApi:0] exited with code [1] via signal [SIGINT]
2026-04-21T08:05:19: PM2 log: App [backendApi:0] starting in -fork mode-
2026-04-21T08:05:19: PM2 log: App [backendApi:0] online
2026-04-21T08:05:19: PM2 log: App [backendApi:0] exited with code [1] via signal [SIGINT]
2026-04-21T08:05:19: PM2 log: App [backendApi:0] starting in -fork mode-
2026-04-21T08:05:19: PM2 log: App [backendApi:0] online
2026-04-21T08:05:19: PM2 log: App [backendApi:0] exited with code [1] via signal [SIGINT]
2026-04-21T08:05:19: PM2 log: App [backendApi:0] starting in -fork mode-
2026-04-21T08:05:19: PM2 log: App [backendApi:0] online
2026-04-21T08:05:20: PM2 log: App [backendApi:0] exited with code [1] via signal [SIGINT]
2026-04-21T08:05:20: PM2 log: Script /home/ubuntu/2nd10WeeksofCloudOps-main/backend/index.js had too many unstable restarts (16). Stopped. "errored"
2026-04-21T08:12:30: PM2 log: App [backendApi:0] starting in -fork mode-
2026-04-21T08:12:30: PM2 log: App [backendApi:0] online
2026-04-21T08:12:31: PM2 log: App [backendApi:0] exited with code [1] via signal [SIGINT]
2026-04-21T08:12:31: PM2 log: App [backendApi:0] starting in -fork mode-
2026-04-21T08:12:31: PM2 log: App [backendApi:0] online
2026-04-21T08:12:31: PM2 log: App [backendApi:0] exited with code [1] via signal [SIGINT]
2026-04-21T08:12:31: PM2 log: App [backendApi:0] starting in -fork mode-
2026-04-21T08:12:31: PM2 log: App [backendApi:0] online
2026-04-21T08:12:31: PM2 log: App [backendApi:0] exited with code [1] via signal [SIGINT]
2026-04-21T08:12:31: PM2 log: App [backendApi:0] starting in -fork mode-
2026-04-21T08:12:31: PM2 log: App [backendApi:0] online
2026-04-21T08:12:32: PM2 log: App [backendApi:0] exited with code [1] via signal [SIGINT]
2026-04-21T08:12:32: PM2 log: App [backendApi:0] starting in -fork mode-
2026-04-21T08:12:32: PM2 log: App [backendApi:0] online
2026-04-21T08:12:32: PM2 log: App [backendApi:0] exited with code [1] via signal [SIGINT]
2026-04-21T08:12:32: PM2 log: App [backendApi:0] starting in -fork mode-
2026-04-21T08:12:32: PM2 log: App [backendApi:0] online
2026-04-21T08:12:32: PM2 log: App [backendApi:0] exited with code [1] via signal [SIGINT]
2026-04-21T08:12:32: PM2 log: App [backendApi:0] starting in -fork mode-
2026-04-21T08:12:32: PM2 log: App [backendApi:0] online
2026-04-21T08:12:33: PM2 log: App [backendApi:0] exited with code [1] via signal [SIGINT]
2026-04-21T08:12:33: PM2 log: App [backendApi:0] starting in -fork mode-
2026-04-21T08:12:33: PM2 log: App [backendApi:0] online
2026-04-21T08:12:33: PM2 log: App [backendApi:0] exited with code [1] via signal [SIGINT]
2026-04-21T08:12:33: PM2 log: App [backendApi:0] starting in -fork mode-
2026-04-21T08:12:33: PM2 log: App [backendApi:0] online
2026-04-21T08:12:33: PM2 log: App [backendApi:0] exited with code [1] via signal [SIGINT]
2026-04-21T08:12:33: PM2 log: App [backendApi:0] starting in -fork mode-
2026-04-21T08:12:33: PM2 log: App [backendApi:0] online
2026-04-21T08:12:34: PM2 log: App [backendApi:0] exited with code [1] via signal [SIGINT]
2026-04-21T08:12:34: PM2 log: App [backendApi:0] starting in -fork mode-
2026-04-21T08:12:34: PM2 log: App [backendApi:0] online
2026-04-21T08:12:34: PM2 log: App [backendApi:0] exited with code [1] via signal [SIGINT]
2026-04-21T08:12:34: PM2 log: App [backendApi:0] starting in -fork mode-
2026-04-21T08:12:34: PM2 log: App [backendApi:0] online
2026-04-21T08:12:34: PM2 log: App [backendApi:0] exited with code [1] via signal [SIGINT]
2026-04-21T08:12:34: PM2 log: App [backendApi:0] starting in -fork mode-
2026-04-21T08:12:34: PM2 log: App [backendApi:0] online
2026-04-21T08:12:35: PM2 log: App [backendApi:0] exited with code [1] via signal [SIGINT]
2026-04-21T08:12:35: PM2 log: App [backendApi:0] starting in -fork mode-
2026-04-21T08:12:35: PM2 log: App [backendApi:0] online
2026-04-21T08:12:35: PM2 log: App [backendApi:0] exited with code [1] via signal [SIGINT]
2026-04-21T08:12:35: PM2 log: App [backendApi:0] starting in -fork mode-
2026-04-21T08:12:35: PM2 log: App [backendApi:0] online
2026-04-21T08:12:35: PM2 log: App [backendApi:0] exited with code [1] via signal [SIGINT]
2026-04-21T08:12:35: PM2 log: App [backendApi:0] starting in -fork mode-
2026-04-21T08:12:35: PM2 log: App [backendApi:0] online
2026-04-21T08:12:36: PM2 log: App [backendApi:0] exited with code [1] via signal [SIGINT]
2026-04-21T08:12:36: PM2 log: Script /home/ubuntu/2nd10WeeksofCloudOps-main/backend/index.js had too many unstable restarts (16). Stopped. "errored"
2026-04-21T08:28:06: PM2 log: App [backendApi:0] starting in -fork mode-
2026-04-21T08:28:06: PM2 log: App [backendApi:0] online
2026-04-21T08:29:17: PM2 log: Stopping app:backendApi id:0
2026-04-21T08:29:17: PM2 log: App [backendApi:0] exited with code [0] via signal [SIGINT]
2026-04-21T08:29:17: PM2 log: pid=3403 msg=process killed
2026-04-21T08:29:17: PM2 log: App [backendApi:0] starting in -fork mode-
2026-04-21T08:29:17: PM2 log: App [backendApi:0] online
2026-04-21T08:40:46: PM2 log: Stopping app:backendApi id:0
2026-04-21T08:40:46: PM2 log: App [backendApi:0] exited with code [0] via signal [SIGINT]
2026-04-21T08:40:47: PM2 log: pid=3439 msg=process killed
2026-04-21T08:40:47: PM2 log: App [backendApi:0] starting in -fork mode-
2026-04-21T08:40:47: PM2 log: App [backendApi:0] online
2026-04-21T08:40:47: PM2 log: App [backendApi:0] exited with code [1] via signal [SIGINT]
2026-04-21T08:40:47: PM2 log: App [backendApi:0] starting in -fork mode-
2026-04-21T08:40:47: PM2 log: App [backendApi:0] online
2026-04-21T08:40:47: PM2 log: App [backendApi:0] exited with code [1] via signal [SIGINT]
2026-04-21T08:40:47: PM2 log: App [backendApi:0] starting in -fork mode-
2026-04-21T08:40:47: PM2 log: App [backendApi:0] online
2026-04-21T08:40:48: PM2 log: App [backendApi:0] exited with code [1] via signal [SIGINT]
2026-04-21T08:40:48: PM2 log: App [backendApi:0] starting in -fork mode-
2026-04-21T08:40:48: PM2 log: App [backendApi:0] online
2026-04-21T08:40:48: PM2 log: App [backendApi:0] exited with code [1] via signal [SIGINT]
2026-04-21T08:40:48: PM2 log: App [backendApi:0] starting in -fork mode-
2026-04-21T08:40:48: PM2 log: App [backendApi:0] online
2026-04-21T08:40:48: PM2 log: App [backendApi:0] exited with code [1] via signal [SIGINT]
2026-04-21T08:40:48: PM2 log: App [backendApi:0] starting in -fork mode-
2026-04-21T08:40:48: PM2 log: App [backendApi:0] online
2026-04-21T08:40:49: PM2 log: App [backendApi:0] exited with code [1] via signal [SIGINT]
2026-04-21T08:40:49: PM2 log: App [backendApi:0] starting in -fork mode-
2026-04-21T08:40:49: PM2 log: App [backendApi:0] online
2026-04-21T08:40:49: PM2 log: App [backendApi:0] exited with code [1] via signal [SIGINT]
2026-04-21T08:40:49: PM2 log: App [backendApi:0] starting in -fork mode-
2026-04-21T08:40:49: PM2 log: App [backendApi:0] online
2026-04-21T08:40:49: PM2 log: App [backendApi:0] exited with code [1] via signal [SIGINT]
2026-04-21T08:40:49: PM2 log: App [backendApi:0] starting in -fork mode-
2026-04-21T08:40:49: PM2 log: App [backendApi:0] online
2026-04-21T08:40:50: PM2 log: App [backendApi:0] exited with code [1] via signal [SIGINT]
2026-04-21T08:40:50: PM2 log: App [backendApi:0] starting in -fork mode-
2026-04-21T08:40:50: PM2 log: App [backendApi:0] online
2026-04-21T08:40:50: PM2 log: App [backendApi:0] exited with code [1] via signal [SIGINT]
2026-04-21T08:40:50: PM2 log: App [backendApi:0] starting in -fork mode-
2026-04-21T08:40:50: PM2 log: App [backendApi:0] online
2026-04-21T08:40:50: PM2 log: App [backendApi:0] exited with code [1] via signal [SIGINT]
2026-04-21T08:40:50: PM2 log: App [backendApi:0] starting in -fork mode-
2026-04-21T08:40:50: PM2 log: App [backendApi:0] online
2026-04-21T08:40:51: PM2 log: App [backendApi:0] exited with code [1] via signal [SIGINT]
2026-04-21T08:40:51: PM2 log: App [backendApi:0] starting in -fork mode-
2026-04-21T08:40:51: PM2 log: App [backendApi:0] online
2026-04-21T08:40:51: PM2 log: App [backendApi:0] exited with code [1] via signal [SIGINT]
2026-04-21T08:40:51: PM2 log: App [backendApi:0] starting in -fork mode-
2026-04-21T08:40:51: PM2 log: App [backendApi:0] online
2026-04-21T08:40:52: PM2 log: App [backendApi:0] exited with code [1] via signal [SIGINT]
2026-04-21T08:40:52: PM2 log: App [backendApi:0] starting in -fork mode-
2026-04-21T08:40:52: PM2 log: App [backendApi:0] online
2026-04-21T08:40:52: PM2 log: App [backendApi:0] exited with code [1] via signal [SIGINT]
2026-04-21T08:40:52: PM2 log: App [backendApi:0] starting in -fork mode-
2026-04-21T08:40:52: PM2 log: App [backendApi:0] online
2026-04-21T08:40:52: PM2 log: App [backendApi:0] exited with code [1] via signal [SIGINT]
2026-04-21T08:40:52: PM2 log: Script /home/ubuntu/2nd10WeeksofCloudOps-main/backend/index.js had too many unstable restarts (16). Stopped. "errored"
2026-04-21T08:53:46: PM2 log: App [backendApi:0] starting in -fork mode-
2026-04-21T08:53:46: PM2 log: App [backendApi:0] online
