0 verbose cli /usr/bin/node /usr/bin/npm
1 info using npm@10.8.2
2 info using node@v18.20.8
3 silly config load:file:/usr/lib/node_modules/npm/npmrc
4 silly config load:file:/home/ubuntu/2nd10WeeksofCloudOps-main/backend/.npmrc
5 silly config load:file:/home/ubuntu/.npmrc
6 silly config load:file:/usr/etc/npmrc
7 verbose title npm install
8 verbose argv "install"
9 verbose logfile logs-max:10 dir:/home/ubuntu/.npm/_logs/2026-04-21T08_04_35_326Z-
10 verbose logfile /home/ubuntu/.npm/_logs/2026-04-21T08_04_35_326Z-debug-0.log
11 silly packumentCache heap:490471424 maxSize:122617856 maxEntrySize:61308928
12 silly logfile done cleaning log files
13 silly idealTree buildDeps
14 silly fetch manifest mysql2@^3.9.0
15 silly packumentCache full:https://registry.npmjs.org/mysql2 cache-miss
16 http fetch GET 200 https://registry.npmjs.org/npm 204ms
17 http fetch GET 200 https://registry.npmjs.org/mysql2 146ms (cache miss)
18 silly packumentCache full:https://registry.npmjs.org/mysql2 set size:undefined disposed:false
19 silly fetch manifest @types/node@>= 8
20 silly packumentCache full:https://registry.npmjs.org/@types%2fnode cache-miss
21 http fetch GET 200 https://registry.npmjs.org/@types%2fnode 181ms (cache miss)
22 silly packumentCache full:https://registry.npmjs.org/@types%2fnode set size:undefined disposed:false
23 silly placeDep ROOT mysql2@3.22.2 OK for: backend@1.0.0 want: ^3.9.0
24 silly placeDep ROOT @types/node@25.6.0 OK for: mysql2@3.22.2 want: >= 8
25 silly fetch manifest aws-ssl-profiles@^1.1.2
26 silly packumentCache full:https://registry.npmjs.org/aws-ssl-profiles cache-miss
27 http fetch GET 200 https://registry.npmjs.org/aws-ssl-profiles 28ms (cache miss)
28 silly packumentCache full:https://registry.npmjs.org/aws-ssl-profiles set size:undefined disposed:false
29 silly fetch manifest denque@^2.1.0
30 silly packumentCache full:https://registry.npmjs.org/denque cache-miss
31 http fetch GET 200 https://registry.npmjs.org/denque 28ms (cache miss)
32 silly packumentCache full:https://registry.npmjs.org/denque set size:undefined disposed:false
33 silly fetch manifest generate-function@^2.3.1
34 silly packumentCache full:https://registry.npmjs.org/generate-function cache-miss
35 http fetch GET 200 https://registry.npmjs.org/generate-function 35ms (cache miss)
36 silly packumentCache full:https://registry.npmjs.org/generate-function set size:undefined disposed:false
37 silly fetch manifest iconv-lite@^0.7.2
38 silly packumentCache full:https://registry.npmjs.org/iconv-lite cache-miss
39 http fetch GET 200 https://registry.npmjs.org/iconv-lite 34ms (cache miss)
40 silly packumentCache full:https://registry.npmjs.org/iconv-lite set size:undefined disposed:false
41 silly fetch manifest long@^5.3.2
42 silly packumentCache full:https://registry.npmjs.org/long cache-miss
43 http fetch GET 200 https://registry.npmjs.org/long 29ms (cache miss)
44 silly packumentCache full:https://registry.npmjs.org/long set size:undefined disposed:false
45 silly fetch manifest lru.min@^1.1.4
46 silly packumentCache full:https://registry.npmjs.org/lru.min cache-miss
47 http fetch GET 200 https://registry.npmjs.org/lru.min 34ms (cache miss)
48 silly packumentCache full:https://registry.npmjs.org/lru.min set size:undefined disposed:false
49 silly fetch manifest named-placeholders@^1.1.6
50 silly packumentCache full:https://registry.npmjs.org/named-placeholders cache-miss
51 http fetch GET 200 https://registry.npmjs.org/named-placeholders 32ms (cache miss)
52 silly packumentCache full:https://registry.npmjs.org/named-placeholders set size:undefined disposed:false
53 silly fetch manifest sql-escaper@^1.3.3
54 silly packumentCache full:https://registry.npmjs.org/sql-escaper cache-miss
55 http fetch GET 200 https://registry.npmjs.org/sql-escaper 28ms (cache miss)
56 silly packumentCache full:https://registry.npmjs.org/sql-escaper set size:undefined disposed:false
57 silly fetch manifest undici-types@~7.19.0
58 silly packumentCache full:https://registry.npmjs.org/undici-types cache-miss
59 http fetch GET 200 https://registry.npmjs.org/undici-types 31ms (cache miss)
60 silly packumentCache full:https://registry.npmjs.org/undici-types set size:undefined disposed:false
61 silly placeDep ROOT undici-types@7.19.2 OK for: @types/node@25.6.0 want: ~7.19.0
62 silly placeDep ROOT aws-ssl-profiles@1.1.2 OK for: mysql2@3.22.2 want: ^1.1.2
63 silly placeDep ROOT denque@2.1.0 OK for: mysql2@3.22.2 want: ^2.1.0
64 silly placeDep ROOT generate-function@2.3.1 OK for: mysql2@3.22.2 want: ^2.3.1
65 silly placeDep node_modules/mysql2 iconv-lite@0.7.2 OK for: mysql2@3.22.2 want: ^0.7.2
66 silly placeDep ROOT long@5.3.2 OK for: mysql2@3.22.2 want: ^5.3.2
67 silly placeDep ROOT lru.min@1.1.4 OK for: mysql2@3.22.2 want: ^1.1.4
68 silly placeDep ROOT named-placeholders@1.1.6 OK for: mysql2@3.22.2 want: ^1.1.6
69 silly placeDep ROOT sql-escaper@1.3.3 OK for: mysql2@3.22.2 want: ^1.3.3
70 silly fetch manifest is-property@^1.0.2
71 silly packumentCache full:https://registry.npmjs.org/is-property cache-miss
72 http fetch GET 200 https://registry.npmjs.org/is-property 29ms (cache miss)
73 silly packumentCache full:https://registry.npmjs.org/is-property set size:undefined disposed:false
74 silly placeDep ROOT is-property@1.0.2 OK for: generate-function@2.3.1 want: ^1.0.2
75 silly reify moves {}
76 silly audit bulk request {
76 silly audit   accepts: [ '1.3.8' ],
76 silly audit   'array-flatten': [ '1.1.1' ],
76 silly audit   'available-typed-arrays': [ '1.0.5' ],
76 silly audit   'aws-sdk': [ '2.1376.0' ],
76 silly audit   'base64-js': [ '1.5.1' ],
76 silly audit   'basic-auth': [ '2.0.1' ],
76 silly audit   'safe-buffer': [ '5.1.2', '5.2.1' ],
76 silly audit   'body-parser': [ '1.20.1' ],
76 silly audit   buffer: [ '4.9.2' ],
76 silly audit   bytes: [ '3.1.2' ],
76 silly audit   'call-bind': [ '1.0.2' ],
76 silly audit   'content-disposition': [ '0.5.4' ],
76 silly audit   'content-type': [ '1.0.5' ],
76 silly audit   cookie: [ '0.5.0' ],
76 silly audit   'cookie-signature': [ '1.0.6' ],
76 silly audit   cors: [ '2.8.5' ],
76 silly audit   debug: [ '2.6.9' ],
76 silly audit   depd: [ '2.0.0' ],
76 silly audit   destroy: [ '1.2.0' ],
76 silly audit   dotenv: [ '16.0.3' ],
76 silly audit   'ee-first': [ '1.1.1' ],
76 silly audit   encodeurl: [ '1.0.2' ],
76 silly audit   'escape-html': [ '1.0.3' ],
76 silly audit   etag: [ '1.8.1' ],
76 silly audit   events: [ '1.1.1' ],
76 silly audit   express: [ '4.18.2' ],
76 silly audit   finalhandler: [ '1.2.0' ],
76 silly audit   'for-each': [ '0.3.3' ],
76 silly audit   forwarded: [ '0.2.0' ],
76 silly audit   fresh: [ '0.5.2' ],
76 silly audit   'function-bind': [ '1.1.1' ],
76 silly audit   'get-intrinsic': [ '1.2.0' ],
76 silly audit   gopd: [ '1.0.1' ],
76 silly audit   has: [ '1.0.3' ],
76 silly audit   'has-symbols': [ '1.0.3' ],
76 silly audit   'has-tostringtag': [ '1.0.0' ],
76 silly audit   'http-errors': [ '2.0.0' ],
76 silly audit   'iconv-lite': [ '0.4.24', '0.7.2' ],
76 silly audit   ieee754: [ '1.1.13' ],
76 silly audit   inherits: [ '2.0.4' ],
76 silly audit   'ipaddr.js': [ '1.9.1' ],
76 silly audit   'is-arguments': [ '1.1.1' ],
76 silly audit   'is-callable': [ '1.2.7' ],
76 silly audit   'is-generator-function': [ '1.0.10' ],
76 silly audit   'is-typed-array': [ '1.1.10' ],
76 silly audit   isarray: [ '1.0.0' ],
76 silly audit   jmespath: [ '0.16.0' ],
76 silly audit   'media-typer': [ '0.3.0' ],
76 silly audit   'merge-descriptors': [ '1.0.1' ],
76 silly audit   methods: [ '1.1.2' ],
76 silly audit   mime: [ '1.6.0' ],
76 silly audit   'mime-db': [ '1.52.0' ],
76 silly audit   'mime-types': [ '2.1.35' ],
76 silly audit   morgan: [ '1.10.0' ],
76 silly audit   'on-finished': [ '2.3.0', '2.4.1' ],
76 silly audit   ms: [ '2.0.0', '2.1.3' ],
76 silly audit   negotiator: [ '0.6.3' ],
76 silly audit   'object-assign': [ '4.1.1' ],
76 silly audit   'object-inspect': [ '1.12.3' ],
76 silly audit   'on-headers': [ '1.0.2' ],
76 silly audit   parseurl: [ '1.3.3' ],
76 silly audit   'path-to-regexp': [ '0.1.7' ],
76 silly audit   'proxy-addr': [ '2.0.7' ],
76 silly audit   punycode: [ '1.3.2' ],
76 silly audit   qs: [ '6.11.0' ],
76 silly audit   querystring: [ '0.2.0' ],
76 silly audit   'range-parser': [ '1.2.1' ],
76 silly audit   'raw-body': [ '2.5.1' ],
76 silly audit   'safer-buffer': [ '2.1.2' ],
76 silly audit   sax: [ '1.2.1' ],
76 silly audit   send: [ '0.18.0' ],
76 silly audit   'serve-static': [ '1.15.0' ],
76 silly audit   setprototypeof: [ '1.2.0' ],
76 silly audit   'side-channel': [ '1.0.4' ],
76 silly audit   statuses: [ '2.0.1' ],
76 silly audit   toidentifier: [ '1.0.1' ],
76 silly audit   'type-is': [ '1.6.18' ],
76 silly audit   unpipe: [ '1.0.0' ],
76 silly audit   url: [ '0.10.3' ],
76 silly audit   util: [ '0.12.5' ],
76 silly audit   'utils-merge': [ '1.0.1' ],
76 silly audit   uuid: [ '8.0.0' ],
76 silly audit   vary: [ '1.1.2' ],
76 silly audit   'which-typed-array': [ '1.1.9' ],
76 silly audit   xml2js: [ '0.5.0' ],
76 silly audit   xmlbuilder: [ '11.0.1' ],
76 silly audit   mysql2: [ '3.22.2' ],
76 silly audit   '@types/node': [ '25.6.0' ],
76 silly audit   'undici-types': [ '7.19.2' ],
76 silly audit   'aws-ssl-profiles': [ '1.1.2' ],
76 silly audit   denque: [ '2.1.0' ],
76 silly audit   'generate-function': [ '2.3.1' ],
76 silly audit   long: [ '5.3.2' ],
76 silly audit   'lru.min': [ '1.1.4' ],
76 silly audit   'named-placeholders': [ '1.1.6' ],
76 silly audit   'sql-escaper': [ '1.3.3' ],
76 silly audit   'is-property': [ '1.0.2' ]
76 silly audit }
77 silly tarball no local data for is-property@https://registry.npmjs.org/is-property/-/is-property-1.0.2.tgz. Extracting by manifest.
78 silly tarball no local data for sql-escaper@https://registry.npmjs.org/sql-escaper/-/sql-escaper-1.3.3.tgz. Extracting by manifest.
79 silly tarball no local data for named-placeholders@https://registry.npmjs.org/named-placeholders/-/named-placeholders-1.1.6.tgz. Extracting by manifest.
80 silly tarball no local data for long@https://registry.npmjs.org/long/-/long-5.3.2.tgz. Extracting by manifest.
81 silly tarball no local data for generate-function@https://registry.npmjs.org/generate-function/-/generate-function-2.3.1.tgz. Extracting by manifest.
82 silly tarball no local data for denque@https://registry.npmjs.org/denque/-/denque-2.1.0.tgz. Extracting by manifest.
83 silly tarball no local data for lru.min@https://registry.npmjs.org/lru.min/-/lru.min-1.1.4.tgz. Extracting by manifest.
84 silly tarball no local data for aws-ssl-profiles@https://registry.npmjs.org/aws-ssl-profiles/-/aws-ssl-profiles-1.1.2.tgz. Extracting by manifest.
85 silly tarball no local data for undici-types@https://registry.npmjs.org/undici-types/-/undici-types-7.19.2.tgz. Extracting by manifest.
86 silly tarball no local data for @types/node@https://registry.npmjs.org/@types/node/-/node-25.6.0.tgz. Extracting by manifest.
87 silly tarball no local data for mysql2@https://registry.npmjs.org/mysql2/-/mysql2-3.22.2.tgz. Extracting by manifest.
88 silly tarball no local data for xmlbuilder@https://registry.npmjs.org/xmlbuilder/-/xmlbuilder-11.0.1.tgz. Extracting by manifest.
89 silly tarball no local data for xml2js@https://registry.npmjs.org/xml2js/-/xml2js-0.5.0.tgz. Extracting by manifest.
90 silly tarball no local data for which-typed-array@https://registry.npmjs.org/which-typed-array/-/which-typed-array-1.1.9.tgz. Extracting by manifest.
91 silly tarball no local data for vary@https://registry.npmjs.org/vary/-/vary-1.1.2.tgz. Extracting by manifest.
92 silly tarball no local data for uuid@https://registry.npmjs.org/uuid/-/uuid-8.0.0.tgz. Extracting by manifest.
93 silly tarball no local data for utils-merge@https://registry.npmjs.org/utils-merge/-/utils-merge-1.0.1.tgz. Extracting by manifest.
94 silly tarball no local data for util@https://registry.npmjs.org/util/-/util-0.12.5.tgz. Extracting by manifest.
95 silly tarball no local data for url@https://registry.npmjs.org/url/-/url-0.10.3.tgz. Extracting by manifest.
96 silly tarball no local data for unpipe@https://registry.npmjs.org/unpipe/-/unpipe-1.0.0.tgz. Extracting by manifest.
97 silly tarball no local data for type-is@https://registry.npmjs.org/type-is/-/type-is-1.6.18.tgz. Extracting by manifest.
98 silly tarball no local data for toidentifier@https://registry.npmjs.org/toidentifier/-/toidentifier-1.0.1.tgz. Extracting by manifest.
99 silly tarball no local data for statuses@https://registry.npmjs.org/statuses/-/statuses-2.0.1.tgz. Extracting by manifest.
100 silly tarball no local data for side-channel@https://registry.npmjs.org/side-channel/-/side-channel-1.0.4.tgz. Extracting by manifest.
101 silly tarball no local data for setprototypeof@https://registry.npmjs.org/setprototypeof/-/setprototypeof-1.2.0.tgz. Extracting by manifest.
102 silly tarball no local data for serve-static@https://registry.npmjs.org/serve-static/-/serve-static-1.15.0.tgz. Extracting by manifest.
103 silly tarball no local data for send@https://registry.npmjs.org/send/-/send-0.18.0.tgz. Extracting by manifest.
104 silly tarball no local data for sax@https://registry.npmjs.org/sax/-/sax-1.2.1.tgz. Extracting by manifest.
105 silly tarball no local data for safer-buffer@https://registry.npmjs.org/safer-buffer/-/safer-buffer-2.1.2.tgz. Extracting by manifest.
106 silly tarball no local data for safe-buffer@https://registry.npmjs.org/safe-buffer/-/safe-buffer-5.2.1.tgz. Extracting by manifest.
107 silly tarball no local data for raw-body@https://registry.npmjs.org/raw-body/-/raw-body-2.5.1.tgz. Extracting by manifest.
108 silly tarball no local data for range-parser@https://registry.npmjs.org/range-parser/-/range-parser-1.2.1.tgz. Extracting by manifest.
109 silly tarball no local data for querystring@https://registry.npmjs.org/querystring/-/querystring-0.2.0.tgz. Extracting by manifest.
110 silly tarball no local data for qs@https://registry.npmjs.org/qs/-/qs-6.11.0.tgz. Extracting by manifest.
111 silly tarball no local data for punycode@https://registry.npmjs.org/punycode/-/punycode-1.3.2.tgz. Extracting by manifest.
112 silly tarball no local data for proxy-addr@https://registry.npmjs.org/proxy-addr/-/proxy-addr-2.0.7.tgz. Extracting by manifest.
113 silly tarball no local data for path-to-regexp@https://registry.npmjs.org/path-to-regexp/-/path-to-regexp-0.1.7.tgz. Extracting by manifest.
114 silly tarball no local data for parseurl@https://registry.npmjs.org/parseurl/-/parseurl-1.3.3.tgz. Extracting by manifest.
115 silly tarball no local data for on-headers@https://registry.npmjs.org/on-headers/-/on-headers-1.0.2.tgz. Extracting by manifest.
116 silly tarball no local data for on-finished@https://registry.npmjs.org/on-finished/-/on-finished-2.4.1.tgz. Extracting by manifest.
117 silly tarball no local data for object-inspect@https://registry.npmjs.org/object-inspect/-/object-inspect-1.12.3.tgz. Extracting by manifest.
118 silly tarball no local data for object-assign@https://registry.npmjs.org/object-assign/-/object-assign-4.1.1.tgz. Extracting by manifest.
119 silly tarball no local data for negotiator@https://registry.npmjs.org/negotiator/-/negotiator-0.6.3.tgz. Extracting by manifest.
120 silly tarball no local data for ms@https://registry.npmjs.org/ms/-/ms-2.0.0.tgz. Extracting by manifest.
121 silly tarball no local data for morgan@https://registry.npmjs.org/morgan/-/morgan-1.10.0.tgz. Extracting by manifest.
122 silly tarball no local data for mime-types@https://registry.npmjs.org/mime-types/-/mime-types-2.1.35.tgz. Extracting by manifest.
123 silly tarball no local data for mime-db@https://registry.npmjs.org/mime-db/-/mime-db-1.52.0.tgz. Extracting by manifest.
124 silly tarball no local data for mime@https://registry.npmjs.org/mime/-/mime-1.6.0.tgz. Extracting by manifest.
125 silly tarball no local data for methods@https://registry.npmjs.org/methods/-/methods-1.1.2.tgz. Extracting by manifest.
126 silly tarball no local data for merge-descriptors@https://registry.npmjs.org/merge-descriptors/-/merge-descriptors-1.0.1.tgz. Extracting by manifest.
127 silly tarball no local data for media-typer@https://registry.npmjs.org/media-typer/-/media-typer-0.3.0.tgz. Extracting by manifest.
128 silly tarball no local data for jmespath@https://registry.npmjs.org/jmespath/-/jmespath-0.16.0.tgz. Extracting by manifest.
129 silly tarball no local data for isarray@https://registry.npmjs.org/isarray/-/isarray-1.0.0.tgz. Extracting by manifest.
130 silly tarball no local data for is-typed-array@https://registry.npmjs.org/is-typed-array/-/is-typed-array-1.1.10.tgz. Extracting by manifest.
131 silly tarball no local data for is-generator-function@https://registry.npmjs.org/is-generator-function/-/is-generator-function-1.0.10.tgz. Extracting by manifest.
132 silly tarball no local data for is-callable@https://registry.npmjs.org/is-callable/-/is-callable-1.2.7.tgz. Extracting by manifest.
133 silly tarball no local data for is-arguments@https://registry.npmjs.org/is-arguments/-/is-arguments-1.1.1.tgz. Extracting by manifest.
134 silly tarball no local data for ipaddr.js@https://registry.npmjs.org/ipaddr.js/-/ipaddr.js-1.9.1.tgz. Extracting by manifest.
135 silly tarball no local data for inherits@https://registry.npmjs.org/inherits/-/inherits-2.0.4.tgz. Extracting by manifest.
136 silly tarball no local data for ieee754@https://registry.npmjs.org/ieee754/-/ieee754-1.1.13.tgz. Extracting by manifest.
137 silly tarball no local data for iconv-lite@https://registry.npmjs.org/iconv-lite/-/iconv-lite-0.4.24.tgz. Extracting by manifest.
138 silly tarball no local data for http-errors@https://registry.npmjs.org/http-errors/-/http-errors-2.0.0.tgz. Extracting by manifest.
139 silly tarball no local data for has-tostringtag@https://registry.npmjs.org/has-tostringtag/-/has-tostringtag-1.0.0.tgz. Extracting by manifest.
140 silly tarball no local data for has-symbols@https://registry.npmjs.org/has-symbols/-/has-symbols-1.0.3.tgz. Extracting by manifest.
141 silly tarball no local data for has@https://registry.npmjs.org/has/-/has-1.0.3.tgz. Extracting by manifest.
142 silly tarball no local data for gopd@https://registry.npmjs.org/gopd/-/gopd-1.0.1.tgz. Extracting by manifest.
143 silly tarball no local data for get-intrinsic@https://registry.npmjs.org/get-intrinsic/-/get-intrinsic-1.2.0.tgz. Extracting by manifest.
144 silly tarball no local data for function-bind@https://registry.npmjs.org/function-bind/-/function-bind-1.1.1.tgz. Extracting by manifest.
145 silly tarball no local data for fresh@https://registry.npmjs.org/fresh/-/fresh-0.5.2.tgz. Extracting by manifest.
146 silly tarball no local data for forwarded@https://registry.npmjs.org/forwarded/-/forwarded-0.2.0.tgz. Extracting by manifest.
147 silly tarball no local data for for-each@https://registry.npmjs.org/for-each/-/for-each-0.3.3.tgz. Extracting by manifest.
148 silly tarball no local data for finalhandler@https://registry.npmjs.org/finalhandler/-/finalhandler-1.2.0.tgz. Extracting by manifest.
149 silly tarball no local data for express@https://registry.npmjs.org/express/-/express-4.18.2.tgz. Extracting by manifest.
150 silly tarball no local data for events@https://registry.npmjs.org/events/-/events-1.1.1.tgz. Extracting by manifest.
151 silly tarball no local data for etag@https://registry.npmjs.org/etag/-/etag-1.8.1.tgz. Extracting by manifest.
152 silly tarball no local data for escape-html@https://registry.npmjs.org/escape-html/-/escape-html-1.0.3.tgz. Extracting by manifest.
153 silly tarball no local data for encodeurl@https://registry.npmjs.org/encodeurl/-/encodeurl-1.0.2.tgz. Extracting by manifest.
154 silly tarball no local data for ee-first@https://registry.npmjs.org/ee-first/-/ee-first-1.1.1.tgz. Extracting by manifest.
155 silly tarball no local data for dotenv@https://registry.npmjs.org/dotenv/-/dotenv-16.0.3.tgz. Extracting by manifest.
156 silly tarball no local data for destroy@https://registry.npmjs.org/destroy/-/destroy-1.2.0.tgz. Extracting by manifest.
157 silly tarball no local data for depd@https://registry.npmjs.org/depd/-/depd-2.0.0.tgz. Extracting by manifest.
158 silly tarball no local data for debug@https://registry.npmjs.org/debug/-/debug-2.6.9.tgz. Extracting by manifest.
159 silly tarball no local data for cors@https://registry.npmjs.org/cors/-/cors-2.8.5.tgz. Extracting by manifest.
160 silly tarball no local data for cookie-signature@https://registry.npmjs.org/cookie-signature/-/cookie-signature-1.0.6.tgz. Extracting by manifest.
161 silly tarball no local data for cookie@https://registry.npmjs.org/cookie/-/cookie-0.5.0.tgz. Extracting by manifest.
162 silly tarball no local data for content-type@https://registry.npmjs.org/content-type/-/content-type-1.0.5.tgz. Extracting by manifest.
163 silly tarball no local data for content-disposition@https://registry.npmjs.org/content-disposition/-/content-disposition-0.5.4.tgz. Extracting by manifest.
164 silly tarball no local data for call-bind@https://registry.npmjs.org/call-bind/-/call-bind-1.0.2.tgz. Extracting by manifest.
165 silly tarball no local data for bytes@https://registry.npmjs.org/bytes/-/bytes-3.1.2.tgz. Extracting by manifest.
166 silly tarball no local data for buffer@https://registry.npmjs.org/buffer/-/buffer-4.9.2.tgz. Extracting by manifest.
167 silly tarball no local data for body-parser@https://registry.npmjs.org/body-parser/-/body-parser-1.20.1.tgz. Extracting by manifest.
168 silly tarball no local data for basic-auth@https://registry.npmjs.org/basic-auth/-/basic-auth-2.0.1.tgz. Extracting by manifest.
169 silly tarball no local data for base64-js@https://registry.npmjs.org/base64-js/-/base64-js-1.5.1.tgz. Extracting by manifest.
170 silly tarball no local data for aws-sdk@https://registry.npmjs.org/aws-sdk/-/aws-sdk-2.1376.0.tgz. Extracting by manifest.
171 silly tarball no local data for available-typed-arrays@https://registry.npmjs.org/available-typed-arrays/-/available-typed-arrays-1.0.5.tgz. Extracting by manifest.
172 silly tarball no local data for array-flatten@https://registry.npmjs.org/array-flatten/-/array-flatten-1.1.1.tgz. Extracting by manifest.
173 silly tarball no local data for accepts@https://registry.npmjs.org/accepts/-/accepts-1.3.8.tgz. Extracting by manifest.
174 silly tarball no local data for iconv-lite@https://registry.npmjs.org/iconv-lite/-/iconv-lite-0.7.2.tgz. Extracting by manifest.
175 silly tarball no local data for ms@https://registry.npmjs.org/ms/-/ms-2.1.3.tgz. Extracting by manifest.
176 silly tarball no local data for on-finished@https://registry.npmjs.org/on-finished/-/on-finished-2.3.0.tgz. Extracting by manifest.
177 silly tarball no local data for safe-buffer@https://registry.npmjs.org/safe-buffer/-/safe-buffer-5.1.2.tgz. Extracting by manifest.
178 http fetch POST 200 https://registry.npmjs.org/-/npm/v1/security/advisories/bulk 338ms
179 silly audit report {
179 silly audit report   'aws-sdk': [
179 silly audit report     {
179 silly audit report       id: 1111997,
179 silly audit report       url: 'https://github.com/advisories/GHSA-j965-2qgj-vjmq',
179 silly audit report       title: 'JavaScript SDK v2 users should add validation to the region parameter value in or migrate to v3',
179 silly audit report       severity: 'low',
179 silly audit report       vulnerable_versions: '>=2.0.0 <=3.0.0',
179 silly audit report       cwe: [Array],
179 silly audit report       cvss: [Object]
179 silly audit report     }
179 silly audit report   ],
179 silly audit report   'body-parser': [
179 silly audit report     {
179 silly audit report       id: 1099520,
179 silly audit report       url: 'https://github.com/advisories/GHSA-qwcr-r2fm-qrc7',
179 silly audit report       title: 'body-parser vulnerable to denial of service when url encoding is enabled',
179 silly audit report       severity: 'high',
179 silly audit report       vulnerable_versions: '<1.20.3',
179 silly audit report       cwe: [Array],
179 silly audit report       cvss: [Object]
179 silly audit report     }
179 silly audit report   ],
179 silly audit report   cookie: [
179 silly audit report     {
179 silly audit report       id: 1103907,
179 silly audit report       url: 'https://github.com/advisories/GHSA-pxg6-pf52-xh8x',
179 silly audit report       title: 'cookie accepts cookie name, path, and domain with out of bounds characters',
179 silly audit report       severity: 'low',
179 silly audit report       vulnerable_versions: '<0.7.0',
179 silly audit report       cwe: [Array],
179 silly audit report       cvss: [Object]
179 silly audit report     }
179 silly audit report   ],
179 silly audit report   express: [
179 silly audit report     {
179 silly audit report       id: 1100530,
179 silly audit report       url: 'https://github.com/advisories/GHSA-qw6h-vgh9-j6wx',
179 silly audit report       title: 'express vulnerable to XSS via response.redirect()',
179 silly audit report       severity: 'low',
179 silly audit report       vulnerable_versions: '<4.20.0',
179 silly audit report       cwe: [Array],
179 silly audit report       cvss: [Object]
179 silly audit report     },
179 silly audit report     {
179 silly audit report       id: 1111636,
179 silly audit report       url: 'https://github.com/advisories/GHSA-rv95-896h-c2vc',
179 silly audit report       title: 'Express.js Open Redirect in malformed URLs',
179 silly audit report       severity: 'moderate',
179 silly audit report       vulnerable_versions: '<4.19.2',
179 silly audit report       cwe: [Array],
179 silly audit report       cvss: [Object]
179 silly audit report     }
179 silly audit report   ],
179 silly audit report   'on-headers': [
179 silly audit report     {
179 silly audit report       id: 1106812,
179 silly audit report       url: 'https://github.com/advisories/GHSA-76c9-3jph-rj3q',
179 silly audit report       title: 'on-headers is vulnerable to http response header manipulation',
179 silly audit report       severity: 'low',
179 silly audit report       vulnerable_versions: '<1.1.0',
179 silly audit report       cwe: [Array],
179 silly audit report       cvss: [Object]
179 silly audit report     }
179 silly audit report   ],
179 silly audit report   'path-to-regexp': [
179 silly audit report     {
179 silly audit report       id: 1101850,
179 silly audit report       url: 'https://github.com/advisories/GHSA-9wv6-86v2-598j',
179 silly audit report       title: 'path-to-regexp outputs backtracking regular expressions',
179 silly audit report       severity: 'high',
179 silly audit report       vulnerable_versions: '<0.1.10',
179 silly audit report       cwe: [Array],
179 silly audit report       cvss: [Object]
179 silly audit report     },
179 silly audit report     {
179 silly audit report       id: 1105199,
179 silly audit report       url: 'https://github.com/advisories/GHSA-rhx6-c78j-4q9w',
179 silly audit report       title: 'path-to-regexp contains a ReDoS',
179 silly audit report       severity: 'high',
179 silly audit report       vulnerable_versions: '<0.1.12',
179 silly audit report       cwe: [Array],
179 silly audit report       cvss: [Object]
179 silly audit report     },
179 silly audit report     {
179 silly audit report       id: 1115527,
179 silly audit report       url: 'https://github.com/advisories/GHSA-37ch-88jc-xwx2',
179 silly audit report       title: 'path-to-regexp vulnerable to Regular Expression Denial of Service via multiple route parameters',
179 silly audit report       severity: 'high',
179 silly audit report       vulnerable_versions: '<0.1.13',
179 silly audit report       cwe: [Array],
179 silly audit report       cvss: [Object]
179 silly audit report     }
179 silly audit report   ],
179 silly audit report   qs: [
179 silly audit report     {
179 silly audit report       id: 1113161,
179 silly audit report       url: 'https://github.com/advisories/GHSA-w7fw-mjwx-w883',
179 silly audit report       title: "qs's arrayLimit bypass in comma parsing allows denial of service",
179 silly audit report       severity: 'low',
179 silly audit report       vulnerable_versions: '>=6.7.0 <=6.14.1',
179 silly audit report       cwe: [Array],
179 silly audit report       cvss: [Object]
179 silly audit report     },
179 silly audit report     {
179 silly audit report       id: 1113719,
179 silly audit report       url: 'https://github.com/advisories/GHSA-6rw7-vpxm-498p',
179 silly audit report       title: "qs's arrayLimit bypass in its bracket notation allows DoS via memory exhaustion",
179 silly audit report       severity: 'moderate',
179 silly audit report       vulnerable_versions: '<6.14.1',
179 silly audit report       cwe: [Array],
179 silly audit report       cvss: [Object]
179 silly audit report     }
179 silly audit report   ],
179 silly audit report   send: [
179 silly audit report     {
179 silly audit report       id: 1109556,
179 silly audit report       url: 'https://github.com/advisories/GHSA-m6fv-jmcg-4jfg',
179 silly audit report       title: 'send vulnerable to template injection that can lead to XSS',
179 silly audit report       severity: 'low',
179 silly audit report       vulnerable_versions: '<0.19.0',
179 silly audit report       cwe: [Array],
179 silly audit report       cvss: [Object]
179 silly audit report     }
179 silly audit report   ],
179 silly audit report   'serve-static': [
179 silly audit report     {
179 silly audit report       id: 1100528,
179 silly audit report       url: 'https://github.com/advisories/GHSA-cm22-4g7w-348p',
179 silly audit report       title: 'serve-static vulnerable to template injection that can lead to XSS',
179 silly audit report       severity: 'low',
179 silly audit report       vulnerable_versions: '<1.16.0',
179 silly audit report       cwe: [Array],
179 silly audit report       cvss: [Object]
179 silly audit report     }
179 silly audit report   ]
179 silly audit report }
180 silly packumentCache corgi:https://registry.npmjs.org/aws-sdk cache-miss
181 silly packumentCache corgi:https://registry.npmjs.org/body-parser cache-miss
182 silly packumentCache corgi:https://registry.npmjs.org/cookie cache-miss
183 silly packumentCache corgi:https://registry.npmjs.org/express cache-miss
184 silly packumentCache corgi:https://registry.npmjs.org/on-headers cache-miss
185 silly packumentCache corgi:https://registry.npmjs.org/path-to-regexp cache-miss
186 silly packumentCache corgi:https://registry.npmjs.org/qs cache-miss
187 silly packumentCache corgi:https://registry.npmjs.org/send cache-miss
188 silly packumentCache corgi:https://registry.npmjs.org/serve-static cache-miss
189 http fetch GET 200 https://registry.npmjs.org/is-property/-/is-property-1.0.2.tgz 863ms (cache miss)
190 http fetch GET 200 https://registry.npmjs.org/vary/-/vary-1.1.2.tgz 896ms (cache miss)
191 http fetch GET 200 https://registry.npmjs.org/util/-/util-0.12.5.tgz 920ms (cache miss)
192 http fetch GET 200 https://registry.npmjs.org/utils-merge/-/utils-merge-1.0.1.tgz 970ms (cache miss)
193 http fetch GET 200 https://registry.npmjs.org/named-placeholders/-/named-placeholders-1.1.6.tgz 1009ms (cache miss)
194 http fetch GET 200 https://registry.npmjs.org/unpipe/-/unpipe-1.0.0.tgz 994ms (cache miss)
195 http fetch GET 200 https://registry.npmjs.org/generate-function/-/generate-function-2.3.1.tgz 1020ms (cache miss)
196 http fetch GET 200 https://registry.npmjs.org/serve-static/-/serve-static-1.15.0.tgz 998ms (cache miss)
197 http fetch GET 200 https://registry.npmjs.org/on-finished/-/on-finished-2.4.1.tgz 983ms (cache miss)
198 http fetch GET 200 https://registry.npmjs.org/toidentifier/-/toidentifier-1.0.1.tgz 1017ms (cache miss)
199 http fetch GET 200 https://registry.npmjs.org/send/-/send-0.18.0.tgz 1011ms (cache miss)
200 http fetch GET 200 https://registry.npmjs.org/ms/-/ms-2.0.0.tgz 994ms (cache miss)
201 http fetch GET 200 https://registry.npmjs.org/setprototypeof/-/setprototypeof-1.2.0.tgz 1031ms (cache miss)
202 http fetch GET 200 https://registry.npmjs.org/on-headers/-/on-headers-1.0.2.tgz 1019ms (cache miss)
203 http fetch GET 200 https://registry.npmjs.org/object-assign/-/object-assign-4.1.1.tgz 1013ms (cache miss)
204 http fetch GET 200 https://registry.npmjs.org/querystring/-/querystring-0.2.0.tgz 1031ms (cache miss)
205 http fetch GET 200 https://registry.npmjs.org/path-to-regexp/-/path-to-regexp-0.1.7.tgz 1028ms (cache miss)
206 http fetch GET 200 https://registry.npmjs.org/is-typed-array/-/is-typed-array-1.1.10.tgz 1010ms (cache miss)
207 http fetch GET 200 https://registry.npmjs.org/ipaddr.js/-/ipaddr.js-1.9.1.tgz 1006ms (cache miss)
208 http fetch GET 200 https://registry.npmjs.org/inherits/-/inherits-2.0.4.tgz 1005ms (cache miss)
209 http fetch GET 200 https://registry.npmjs.org/denque/-/denque-2.1.0.tgz 1072ms (cache miss)
210 http fetch GET 200 https://registry.npmjs.org/type-is/-/type-is-1.6.18.tgz 1056ms (cache miss)
211 http fetch GET 200 https://registry.npmjs.org/range-parser/-/range-parser-1.2.1.tgz 1045ms (cache miss)
212 http fetch GET 200 https://registry.npmjs.org/jmespath/-/jmespath-0.16.0.tgz 1023ms (cache miss)
213 http fetch GET 200 https://registry.npmjs.org/parseurl/-/parseurl-1.3.3.tgz 1039ms (cache miss)
214 http fetch GET 200 https://registry.npmjs.org/isarray/-/isarray-1.0.0.tgz 1022ms (cache miss)
215 http fetch GET 200 https://registry.npmjs.org/ieee754/-/ieee754-1.1.13.tgz 1015ms (cache miss)
216 http fetch GET 200 https://registry.npmjs.org/side-channel/-/side-channel-1.0.4.tgz 1060ms (cache miss)
217 http fetch GET 200 https://registry.npmjs.org/methods/-/methods-1.1.2.tgz 1033ms (cache miss)
218 http fetch GET 200 https://registry.npmjs.org/merge-descriptors/-/merge-descriptors-1.0.1.tgz 1032ms (cache miss)
219 http fetch GET 200 https://registry.npmjs.org/is-generator-function/-/is-generator-function-1.0.10.tgz 1027ms (cache miss)
220 http fetch GET 200 https://registry.npmjs.org/is-arguments/-/is-arguments-1.1.1.tgz 1026ms (cache miss)
221 warn deprecated querystring@0.2.0: The querystring API is considered Legacy. new code should use the URLSearchParams API instead.
222 http fetch GET 200 https://registry.npmjs.org/proxy-addr/-/proxy-addr-2.0.7.tgz 1058ms (cache miss)
223 http fetch GET 200 https://registry.npmjs.org/media-typer/-/media-typer-0.3.0.tgz 1041ms (cache miss)
224 http fetch GET 200 https://registry.npmjs.org/gopd/-/gopd-1.0.1.tgz 1027ms (cache miss)
225 http fetch GET 200 https://registry.npmjs.org/fresh/-/fresh-0.5.2.tgz 1024ms (cache miss)
226 http fetch GET 200 https://registry.npmjs.org/forwarded/-/forwarded-0.2.0.tgz 1022ms (cache miss)
227 http fetch GET 200 https://registry.npmjs.org/events/-/events-1.1.1.tgz 1005ms (cache miss)
228 http fetch GET 200 https://registry.npmjs.org/finalhandler/-/finalhandler-1.2.0.tgz 1018ms (cache miss)
229 http fetch GET 200 https://registry.npmjs.org/etag/-/etag-1.8.1.tgz 994ms (cache miss)
230 http fetch GET 200 https://registry.npmjs.org/cookie-signature/-/cookie-signature-1.0.6.tgz 984ms (cache miss)
231 http fetch GET 200 https://registry.npmjs.org/url/-/url-0.10.3.tgz 1084ms (cache miss)
232 http fetch GET 200 https://registry.npmjs.org/statuses/-/statuses-2.0.1.tgz 1081ms (cache miss)
233 http fetch GET 200 https://registry.npmjs.org/mime-types/-/mime-types-2.1.35.tgz 1055ms (cache miss)
234 http fetch GET 200 https://registry.npmjs.org/has-symbols/-/has-symbols-1.0.3.tgz 1036ms (cache miss)
235 http fetch GET 200 https://registry.npmjs.org/has/-/has-1.0.3.tgz 1037ms (cache miss)
236 http fetch GET 200 https://registry.npmjs.org/for-each/-/for-each-0.3.3.tgz 1030ms (cache miss)
237 http fetch GET 200 https://registry.npmjs.org/encodeurl/-/encodeurl-1.0.2.tgz 997ms (cache miss)
238 http fetch GET 200 https://registry.npmjs.org/ee-first/-/ee-first-1.1.1.tgz 997ms (cache miss)
239 http fetch GET 200 https://registry.npmjs.org/destroy/-/destroy-1.2.0.tgz 996ms (cache miss)
240 http fetch GET 200 https://registry.npmjs.org/call-bind/-/call-bind-1.0.2.tgz 991ms (cache miss)
241 http fetch GET 200 https://registry.npmjs.org/bytes/-/bytes-3.1.2.tgz 988ms (cache miss)
242 http fetch GET 200 https://registry.npmjs.org/ms/-/ms-2.1.3.tgz 978ms (cache miss)
243 http fetch GET 200 https://registry.npmjs.org/array-flatten/-/array-flatten-1.1.1.tgz 981ms (cache miss)
244 http fetch GET 200 https://registry.npmjs.org/punycode/-/punycode-1.3.2.tgz 1078ms (cache miss)
245 http fetch GET 200 https://registry.npmjs.org/http-errors/-/http-errors-2.0.0.tgz 1050ms (cache miss)
246 http fetch GET 200 https://registry.npmjs.org/escape-html/-/escape-html-1.0.3.tgz 1011ms (cache miss)
247 http fetch GET 200 https://registry.npmjs.org/content-type/-/content-type-1.0.5.tgz 999ms (cache miss)
248 http fetch GET 200 https://registry.npmjs.org/cookie/-/cookie-0.5.0.tgz 1000ms (cache miss)
249 http fetch GET 200 https://registry.npmjs.org/lru.min/-/lru.min-1.1.4.tgz 1115ms (cache miss)
250 http fetch GET 200 https://registry.npmjs.org/basic-auth/-/basic-auth-2.0.1.tgz 995ms (cache miss)
251 http fetch GET 200 https://registry.npmjs.org/raw-body/-/raw-body-2.5.1.tgz 1095ms (cache miss)
252 http fetch GET 200 https://registry.npmjs.org/safer-buffer/-/safer-buffer-2.1.2.tgz 1098ms (cache miss)
253 http fetch GET 200 https://registry.npmjs.org/morgan/-/morgan-1.10.0.tgz 1080ms (cache miss)
254 http fetch GET 200 https://registry.npmjs.org/has-tostringtag/-/has-tostringtag-1.0.0.tgz 1060ms (cache miss)
255 http fetch GET 200 https://registry.npmjs.org/function-bind/-/function-bind-1.1.1.tgz 1057ms (cache miss)
256 http fetch GET 200 https://registry.npmjs.org/on-headers 817ms (cache miss)
257 silly packumentCache corgi:https://registry.npmjs.org/on-headers set size:undefined disposed:false
258 http fetch GET 200 https://registry.npmjs.org/safe-buffer/-/safe-buffer-5.2.1.tgz 1105ms (cache miss)
259 http fetch GET 200 https://registry.npmjs.org/dotenv/-/dotenv-16.0.3.tgz 1023ms (cache miss)
260 http fetch GET 200 https://registry.npmjs.org/base64-js/-/base64-js-1.5.1.tgz 1010ms (cache miss)
261 http fetch GET 200 https://registry.npmjs.org/content-disposition/-/content-disposition-0.5.4.tgz 1020ms (cache miss)
262 http fetch GET 200 https://registry.npmjs.org/accepts/-/accepts-1.3.8.tgz 1010ms (cache miss)
263 http fetch GET 200 https://registry.npmjs.org/sql-escaper/-/sql-escaper-1.3.3.tgz 1139ms (cache miss)
264 http fetch GET 200 https://registry.npmjs.org/xml2js/-/xml2js-0.5.0.tgz 1131ms (cache miss)
265 http fetch GET 200 https://registry.npmjs.org/on-finished/-/on-finished-2.3.0.tgz 1011ms (cache miss)
266 http fetch GET 200 https://registry.npmjs.org/available-typed-arrays/-/available-typed-arrays-1.0.5.tgz 1017ms (cache miss)
267 http fetch GET 200 https://registry.npmjs.org/which-typed-array/-/which-typed-array-1.1.9.tgz 1134ms (cache miss)
268 http fetch GET 200 https://registry.npmjs.org/cors/-/cors-2.8.5.tgz 1034ms (cache miss)
269 http fetch GET 200 https://registry.npmjs.org/depd/-/depd-2.0.0.tgz 1038ms (cache miss)
270 http fetch GET 200 https://registry.npmjs.org/path-to-regexp 844ms (cache miss)
271 silly packumentCache corgi:https://registry.npmjs.org/path-to-regexp set size:undefined disposed:false
272 http fetch GET 200 https://registry.npmjs.org/send 853ms (cache miss)
273 silly packumentCache corgi:https://registry.npmjs.org/send set size:undefined disposed:false
274 http fetch GET 200 https://registry.npmjs.org/serve-static 856ms (cache miss)
275 silly packumentCache corgi:https://registry.npmjs.org/serve-static set size:undefined disposed:false
276 http fetch GET 200 https://registry.npmjs.org/body-parser 873ms (cache miss)
277 silly packumentCache corgi:https://registry.npmjs.org/body-parser set size:undefined disposed:false
278 http fetch GET 200 https://registry.npmjs.org/negotiator/-/negotiator-0.6.3.tgz 1141ms (cache miss)
279 http fetch GET 200 https://registry.npmjs.org/mime/-/mime-1.6.0.tgz 1136ms (cache miss)
280 http fetch GET 200 https://registry.npmjs.org/cookie 885ms (cache miss)
281 silly packumentCache corgi:https://registry.npmjs.org/cookie set size:undefined disposed:false
282 http fetch GET 200 https://registry.npmjs.org/is-callable/-/is-callable-1.2.7.tgz 1133ms (cache miss)
283 http fetch GET 200 https://registry.npmjs.org/sax/-/sax-1.2.1.tgz 1169ms (cache miss)
284 http fetch GET 200 https://registry.npmjs.org/mime-db/-/mime-db-1.52.0.tgz 1149ms (cache miss)
285 http fetch GET 200 https://registry.npmjs.org/get-intrinsic/-/get-intrinsic-1.2.0.tgz 1134ms (cache miss)
286 http fetch GET 200 https://registry.npmjs.org/safe-buffer/-/safe-buffer-5.1.2.tgz 1074ms (cache miss)
287 http fetch GET 200 https://registry.npmjs.org/qs 897ms (cache miss)
288 silly packumentCache corgi:https://registry.npmjs.org/qs set size:undefined disposed:false
289 http fetch GET 200 https://registry.npmjs.org/long/-/long-5.3.2.tgz 1222ms (cache miss)
290 http fetch GET 200 https://registry.npmjs.org/debug/-/debug-2.6.9.tgz 1129ms (cache miss)
291 http fetch GET 200 https://registry.npmjs.org/body-parser/-/body-parser-1.20.1.tgz 1128ms (cache miss)
292 http fetch GET 200 https://registry.npmjs.org/express 959ms (cache miss)
293 silly packumentCache corgi:https://registry.npmjs.org/express set size:undefined disposed:false
294 http fetch GET 200 https://registry.npmjs.org/uuid/-/uuid-8.0.0.tgz 1293ms (cache miss)
295 http fetch GET 200 https://registry.npmjs.org/qs/-/qs-6.11.0.tgz 1273ms (cache miss)
296 http fetch GET 200 https://registry.npmjs.org/express/-/express-4.18.2.tgz 1242ms (cache miss)
297 http fetch GET 200 https://registry.npmjs.org/aws-ssl-profiles/-/aws-ssl-profiles-1.1.2.tgz 1341ms (cache miss)
298 http fetch GET 200 https://registry.npmjs.org/object-inspect/-/object-inspect-1.12.3.tgz 1308ms (cache miss)
299 http fetch GET 200 https://registry.npmjs.org/xmlbuilder/-/xmlbuilder-11.0.1.tgz 1343ms (cache miss)
300 http fetch GET 200 https://registry.npmjs.org/undici-types/-/undici-types-7.19.2.tgz 1380ms (cache miss)
301 http fetch GET 200 https://registry.npmjs.org/iconv-lite/-/iconv-lite-0.7.2.tgz 1273ms (cache miss)
302 http fetch GET 200 https://registry.npmjs.org/buffer/-/buffer-4.9.2.tgz 1281ms (cache miss)
303 http fetch GET 200 https://registry.npmjs.org/iconv-lite/-/iconv-lite-0.4.24.tgz 1352ms (cache miss)
304 http fetch GET 200 https://registry.npmjs.org/mysql2/-/mysql2-3.22.2.tgz 1548ms (cache miss)
305 http fetch GET 200 https://registry.npmjs.org/aws-sdk 1296ms (cache miss)
306 silly packumentCache corgi:https://registry.npmjs.org/aws-sdk set size:undefined disposed:false
307 http fetch GET 200 https://registry.npmjs.org/@types/node/-/node-25.6.0.tgz 1723ms (cache miss)
308 silly packumentCache corgi:https://registry.npmjs.org/morgan cache-miss
309 http fetch GET 200 https://registry.npmjs.org/morgan 32ms (cache miss)
310 silly packumentCache corgi:https://registry.npmjs.org/morgan set size:undefined disposed:false
311 http fetch GET 200 https://registry.npmjs.org/aws-sdk/-/aws-sdk-2.1376.0.tgz 3026ms (cache miss)
312 silly ADD node_modules/is-property
313 silly ADD node_modules/sql-escaper
314 silly ADD node_modules/named-placeholders
315 silly ADD node_modules/lru.min
316 silly ADD node_modules/long
317 silly ADD node_modules/generate-function
318 silly ADD node_modules/denque
319 silly ADD node_modules/aws-ssl-profiles
320 silly ADD node_modules/undici-types
321 silly ADD node_modules/@types/node
322 silly ADD node_modules/mysql2
323 silly ADD node_modules/mysql2/node_modules/iconv-lite
324 silly ADD node_modules/xmlbuilder
325 silly ADD node_modules/xml2js
326 silly ADD node_modules/which-typed-array
327 silly ADD node_modules/vary
328 silly ADD node_modules/uuid
329 silly ADD node_modules/utils-merge
330 silly ADD node_modules/util
331 silly ADD node_modules/url
332 silly ADD node_modules/unpipe
333 silly ADD node_modules/type-is
334 silly ADD node_modules/toidentifier
335 silly ADD node_modules/statuses
336 silly ADD node_modules/side-channel
337 silly ADD node_modules/setprototypeof
338 silly ADD node_modules/serve-static
339 silly ADD node_modules/send
340 silly ADD node_modules/send/node_modules/ms
341 silly ADD node_modules/sax
342 silly ADD node_modules/safer-buffer
343 silly ADD node_modules/safe-buffer
344 silly ADD node_modules/raw-body
345 silly ADD node_modules/range-parser
346 silly ADD node_modules/querystring
347 silly ADD node_modules/qs
348 silly ADD node_modules/punycode
349 silly ADD node_modules/proxy-addr
350 silly ADD node_modules/path-to-regexp
351 silly ADD node_modules/parseurl
352 silly ADD node_modules/on-headers
353 silly ADD node_modules/on-finished
354 silly ADD node_modules/object-inspect
355 silly ADD node_modules/object-assign
356 silly ADD node_modules/negotiator
357 silly ADD node_modules/ms
358 silly ADD node_modules/morgan
359 silly ADD node_modules/morgan/node_modules/on-finished
360 silly ADD node_modules/mime-types
361 silly ADD node_modules/mime-db
362 silly ADD node_modules/mime
363 silly ADD node_modules/methods
364 silly ADD node_modules/merge-descriptors
365 silly ADD node_modules/media-typer
366 silly ADD node_modules/jmespath
367 silly ADD node_modules/isarray
368 silly ADD node_modules/is-typed-array
369 silly ADD node_modules/is-generator-function
370 silly ADD node_modules/is-callable
371 silly ADD node_modules/is-arguments
372 silly ADD node_modules/ipaddr.js
373 silly ADD node_modules/inherits
374 silly ADD node_modules/ieee754
375 silly ADD node_modules/iconv-lite
376 silly ADD node_modules/http-errors
377 silly ADD node_modules/has-tostringtag
378 silly ADD node_modules/has-symbols
379 silly ADD node_modules/has
380 silly ADD node_modules/gopd
381 silly ADD node_modules/get-intrinsic
382 silly ADD node_modules/function-bind
383 silly ADD node_modules/fresh
384 silly ADD node_modules/forwarded
385 silly ADD node_modules/for-each
386 silly ADD node_modules/finalhandler
387 silly ADD node_modules/express
388 silly ADD node_modules/events
389 silly ADD node_modules/etag
390 silly ADD node_modules/escape-html
391 silly ADD node_modules/encodeurl
392 silly ADD node_modules/ee-first
393 silly ADD node_modules/dotenv
394 silly ADD node_modules/destroy
395 silly ADD node_modules/depd
396 silly ADD node_modules/debug
397 silly ADD node_modules/cors
398 silly ADD node_modules/cookie-signature
399 silly ADD node_modules/cookie
400 silly ADD node_modules/content-type
401 silly ADD node_modules/content-disposition
402 silly ADD node_modules/call-bind
403 silly ADD node_modules/bytes
404 silly ADD node_modules/buffer
405 silly ADD node_modules/body-parser
406 silly ADD node_modules/basic-auth
407 silly ADD node_modules/basic-auth/node_modules/safe-buffer
408 silly ADD node_modules/base64-js
409 silly ADD node_modules/aws-sdk
410 silly ADD node_modules/available-typed-arrays
411 silly ADD node_modules/array-flatten
412 silly ADD node_modules/accepts
413 verbose cwd /home/ubuntu/2nd10WeeksofCloudOps-main/backend
414 verbose os Linux 6.17.0-1007-aws
415 verbose node v18.20.8
416 verbose npm  v10.8.2
417 notice
417 notice New [31mmajor[39m version of npm available! [31m10.8.2[39m -> [34m11.12.1[39m
417 notice Changelog: [34mhttps://github.com/npm/cli/releases/tag/v11.12.1[39m
417 notice To update run: [4mnpm install -g npm@11.12.1[24m
417 notice  { force: true, [Symbol(proc-log.meta)]: true }
418 verbose exit 0
419 info ok
